<html xmlns:math="http://exslt.org/math" xmlns:testng="http://testng.org">
   <head>
      <title>TestNG Results</title>
      <meta http-equiv="content-type" content="text/html; charset=utf-8"></meta>
      <meta http-equiv="pragma" content="no-cache"></meta>
      <meta http-equiv="cache-control" content="max-age=0"></meta>
      <meta http-equiv="cache-control" content="no-cache"></meta>
      <meta http-equiv="cache-control" content="no-store"></meta>
      <LINK rel="stylesheet" href="style.css"></LINK>
      <script type="text/javascript" src="main.js"></script>
   </head>
   <body>
      <table width="100%" style="font-size: 16px; margin-bottom: 10px;" cellspacing="1">
         <tr>
            <td width="100%">
               Test case
               
               <b>用户自动购买门票流程</b>
            </td>
            <td style="background-color: #FFBBBB; padding: 3px 3px 3px 0;" align="center">
               <div style="width: 50px;">7</div>
            </td>
            <td style="background-color: lightgreen; padding: 3px 3px 3px 0;" align="center">
               <div style="width: 50px;">3</div>
            </td>
            <td style="background-color: #FFFFBB; padding: 3px 3px 3px 0;" align="center">
               <div style="width: 50px;">0</div>
            </td>
            <td align="center" style="background-color: #eaf0f7; padding: 3px 3px 3px 0;">
               <div style="width: 50px;">10</div>
            </td>
            <td align="center"
                style="font-weight: bold; background-color: #eaf0f7; padding: 3px 3px 3px 0;">
               <div style="width: 50px;">30%</div>
            </td>
         </tr>
      </table>
      <div style="width: 200px;">
         <label for="groupMethodsCheckBox" style="font-weight: bold; margin: 0;">
            <input id="groupMethodsCheckBox" type="checkbox" onclick="switchTestMethodsView(this)"></input>
            Group by class
            
         </label>
         <br></br>
         <label for="methodsFilter_ALL" style="font-weight: bold; margin: 0;">
            <input id="methodsFilter_ALL" type="checkbox"
                   onclick="testMethodsFilterChanged(this, 'ALL')"></input>
            All
            
         </label>
      </div>
      <label for="methodsFilter_FAIL" style="margin-left: 20px;">
         <input id="methodsFilter_FAIL" type="checkbox"
                onclick="testMethodsFilterChanged(this, 'FAIL')"
                checked=""></input>
         Failed
         
      </label>
      <label for="methodsFilter_PASS">
         <input id="methodsFilter_PASS" type="checkbox"
                onclick="testMethodsFilterChanged(this, 'PASS')"
                checked=""></input>
         Passed
         
      </label>
      <label for="methodsFilter_SKIP">
         <input id="methodsFilter_SKIP" type="checkbox"
                onclick="testMethodsFilterChanged(this, 'SKIP')"
                checked=""></input>
         Skipped
         
      </label>
      <label for="methodsFilter_CONF">
         <input id="methodsFilter_CONF" type="checkbox"
                onclick="testMethodsFilterChanged(this, 'CONF')"></input>
         Config
         
      </label>
      <br></br>
      <div id="testMethodsByStatus">
         <table class="testMethodsTable" cellpadding="0" cellspacing="0">
            <tr class="methodsTableHeader">
               <td width="100%">Name</td>
               <td nowrap="true">Started</td>
               <td nowrap="true">Duration</td>
               <td>Exception</td>
            </tr>
            <tr id="TestCases.Tourists_Purchase_Tickets_case4_byStatus_failed_FAIL1_row"
                class="testMethodStatusFAIL">
               <td width="100%" class="firstMethodCell">
                  <a onclick="toggleDetailsVisibility('TestCases.Tourists_Purchase_Tickets_case4_byStatus_failed_FAIL1_details')">case4()</a>
               </td>
               <td nowrap="true">11:28:31</td>
               <td nowrap="true" align="right">6s
                  
               </td>
               <td nowrap="true">
                  <a onclick="toggleDetailsVisibility('TestCases.Tourists_Purchase_Tickets_case4_byStatus_failed_FAIL1_exception')">java.lang.reflect.InvocationTargetException: </a>
                   
                  
               </td>
            </tr>
            <tr>
               <td colspan="4"
                   style="padding: 0; background-color: white; border-style: none; height: 0px;">
                  <div id="TestCases.Tourists_Purchase_Tickets_case4_byStatus_failed_FAIL1_details"
                       class="testMethodDetails">
                     <div>
                        <b>Name:
                           
                        </b>case4
                     </div>
                     <div>
                        <b>Signature:
                           
                        </b>case4()[pri:0, instance:TestCases.Tourists_Purchase_Tickets@22f71333]
                     </div>
                     <div>
                        <b>Start time:
                           
                        </b>11:28:31
                     </div>
                     <div>
                        <b>End time:
                           
                        </b>11:28:38
                     </div>
                     <div>
                        <b>Duration:
                           
                        </b>6s
                        
                     </div>
                  </div>
               </td>
            </tr>
            <tr>
               <td colspan="4"
                   style="padding: 0; background-color: white; border-style: none; height: 0px;">
                  <div id="TestCases.Tourists_Purchase_Tickets_case4_byStatus_failed_FAIL1_exception"
                       class="testMethodDetails">
                     <pre style="padding: 5px; margin: 0;">java.lang.reflect.InvocationTargetException
                        	at sun.reflect.NativeMethodAccessorImpl.invoke0(Native Method)
                        	at sun.reflect.NativeMethodAccessorImpl.invoke(NativeMethodAccessorImpl.java:62)
                        	at sun.reflect.DelegatingMethodAccessorImpl.invoke(DelegatingMethodAccessorImpl.java:43)
                        	at java.lang.reflect.Method.invoke(Method.java:498)
                        	at com.jmoney.xiyuyou.service.RunUnitService.runCase(RunUnitService.java:85)
                        	at TestCases.Tourists_Purchase_Tickets.case4(Tourists_Purchase_Tickets.java:48)
                        	at sun.reflect.NativeMethodAccessorImpl.invoke0(Native Method)
                        	at sun.reflect.NativeMethodAccessorImpl.invoke(NativeMethodAccessorImpl.java:62)
                        	at sun.reflect.DelegatingMethodAccessorImpl.invoke(DelegatingMethodAccessorImpl.java:43)
                        	at java.lang.reflect.Method.invoke(Method.java:498)
                        	at org.testng.internal.MethodInvocationHelper.invokeMethod(MethodInvocationHelper.java:86)
                        	at org.testng.internal.InvokeMethodRunnable.runOne(InvokeMethodRunnable.java:54)
                        	at org.testng.internal.InvokeMethodRunnable.run(InvokeMethodRunnable.java:44)
                        	at java.util.concurrent.Executors$RunnableAdapter.call(Executors.java:511)
                        	at java.util.concurrent.FutureTask.run(FutureTask.java:266)
                        	at java.util.concurrent.ThreadPoolExecutor.runWorker(ThreadPoolExecutor.java:1142)
                        	at java.util.concurrent.ThreadPoolExecutor$Worker.run(ThreadPoolExecutor.java:617)
                        	at java.lang.Thread.run(Thread.java:745)
                        Caused by: org.openqa.selenium.NoSuchElementException: Unable to locate element: {"method":"xpath","selector":".//*[@id='custom-route']/div[2]/div[2]/div[1]/div[2]/div[9]/button"}
                        Command duration or timeout: 5.46 seconds
                        For documentation on this error, please visit: http://seleniumhq.org/exceptions/no_such_element.html
                        Build info: version: '2.53.0', revision: '35ae25b1534ae328c771e0856c93e187490ca824', time: '2016-03-15 10:43:46'
                        System info: host: 'King', ip: '10.0.0.90', os.name: 'Windows 8.1', os.arch: 'amd64', os.version: '6.3', java.version: '1.8.0_91'
                        Driver info: org.openqa.selenium.firefox.FirefoxDriver
                        Capabilities [{applicationCacheEnabled=true, rotatable=false, handlesAlerts=true, databaseEnabled=true, version=47.0.2, platform=WINDOWS,
                        nativeEvents=false, acceptSslCerts=true, webStorageEnabled=true, locationContextEnabled=true, browserName=firefox, takesScreenshot=true,
                        javascriptEnabled=true, cssSelectorsEnabled=true}]
                        Session ID: f8b47f5b-f2ac-4967-9164-39d126ebca82
                        *** Element info: {Using=xpath, value=.//*[@id='custom-route']/div[2]/div[2]/div[1]/div[2]/div[9]/button}
                        	at sun.reflect.NativeConstructorAccessorImpl.newInstance0(Native Method)
                        	at sun.reflect.NativeConstructorAccessorImpl.newInstance(NativeConstructorAccessorImpl.java:62)
                        	at sun.reflect.DelegatingConstructorAccessorImpl.newInstance(DelegatingConstructorAccessorImpl.java:45)
                        	at java.lang.reflect.Constructor.newInstance(Constructor.java:423)
                        	at org.openqa.selenium.remote.ErrorHandler.createThrowable(ErrorHandler.java:206)
                        	at org.openqa.selenium.remote.ErrorHandler.throwIfResponseFailed(ErrorHandler.java:158)
                        	at org.openqa.selenium.remote.RemoteWebDriver.execute(RemoteWebDriver.java:678)
                        	at org.openqa.selenium.remote.RemoteWebDriver.findElement(RemoteWebDriver.java:363)
                        	at org.openqa.selenium.remote.RemoteWebDriver.findElementByXPath(RemoteWebDriver.java:500)
                        	at org.openqa.selenium.By$ByXPath.findElement(By.java:361)
                        	at org.openqa.selenium.remote.RemoteWebDriver.findElement(RemoteWebDriver.java:355)
                        	at com.jmoney.xiyuyou.util.SeleniumUtil.getElement(SeleniumUtil.java:61)
                        	at com.jmoney.xiyuyou.handler.CheckActionHandler.check(CheckActionHandler.java:32)
                        	... 18 more
                        Caused by: org.openqa.selenium.NoSuchElementException: Unable to locate element: {"method":"xpath","selector":".//*[@id='custom-route']/div[2]/div[2]/div[1]/div[2]/div[9]/button"}
                        For documentation on this error, please visit: http://seleniumhq.org/exceptions/no_such_element.html
                        Build info: version: '2.53.0', revision: '35ae25b1534ae328c771e0856c93e187490ca824', time: '2016-03-15 10:43:46'
                        System info: host: 'King', ip: '10.0.0.90', os.name: 'Windows 8.1', os.arch: 'amd64', os.version: '6.3', java.version: '1.8.0_91'
                        Driver info: driver.version: unknown
                        	at &lt;anonymous class&gt;.FirefoxDriver.prototype.findElementInternal_(file:///C:/Users/King-liu/AppData/Local/Temp/anonymous4995536006693643008webdriver-profile/extensions/fxdriver@googlecode.com/components/driver-component.js:10770)
                        	at &lt;anonymous class&gt;.fxdriver.Timer.prototype.setTimeout/&lt;.notify(file:///C:/Users/King-liu/AppData/Local/Temp/anonymous4995536006693643008webdriver-profile/extensions/fxdriver@googlecode.com/components/driver-component.js:625)
                     </pre>
                  </div>
               </td>
            </tr>
            <tr id="TestCases.Tourists_Purchase_Tickets_case5_byStatus_failed_FAIL2_row"
                class="testMethodStatusFAIL">
               <td width="100%" class="firstMethodCell">
                  <a onclick="toggleDetailsVisibility('TestCases.Tourists_Purchase_Tickets_case5_byStatus_failed_FAIL2_details')">case5()</a>
               </td>
               <td nowrap="true">11:28:38</td>
               <td nowrap="true" align="right">5s
                  
               </td>
               <td nowrap="true">
                  <a onclick="toggleDetailsVisibility('TestCases.Tourists_Purchase_Tickets_case5_byStatus_failed_FAIL2_exception')">java.lang.reflect.InvocationTargetException: </a>
                   
                  
               </td>
            </tr>
            <tr>
               <td colspan="4"
                   style="padding: 0; background-color: white; border-style: none; height: 0px;">
                  <div id="TestCases.Tourists_Purchase_Tickets_case5_byStatus_failed_FAIL2_details"
                       class="testMethodDetails">
                     <div>
                        <b>Name:
                           
                        </b>case5
                     </div>
                     <div>
                        <b>Signature:
                           
                        </b>case5()[pri:0, instance:TestCases.Tourists_Purchase_Tickets@22f71333]
                     </div>
                     <div>
                        <b>Start time:
                           
                        </b>11:28:38
                     </div>
                     <div>
                        <b>End time:
                           
                        </b>11:28:43
                     </div>
                     <div>
                        <b>Duration:
                           
                        </b>5s
                        
                     </div>
                  </div>
               </td>
            </tr>
            <tr>
               <td colspan="4"
                   style="padding: 0; background-color: white; border-style: none; height: 0px;">
                  <div id="TestCases.Tourists_Purchase_Tickets_case5_byStatus_failed_FAIL2_exception"
                       class="testMethodDetails">
                     <pre style="padding: 5px; margin: 0;">java.lang.reflect.InvocationTargetException
                        	at sun.reflect.NativeMethodAccessorImpl.invoke0(Native Method)
                        	at sun.reflect.NativeMethodAccessorImpl.invoke(NativeMethodAccessorImpl.java:62)
                        	at sun.reflect.DelegatingMethodAccessorImpl.invoke(DelegatingMethodAccessorImpl.java:43)
                        	at java.lang.reflect.Method.invoke(Method.java:498)
                        	at com.jmoney.xiyuyou.service.RunUnitService.runCase(RunUnitService.java:85)
                        	at TestCases.Tourists_Purchase_Tickets.case5(Tourists_Purchase_Tickets.java:54)
                        	at sun.reflect.NativeMethodAccessorImpl.invoke0(Native Method)
                        	at sun.reflect.NativeMethodAccessorImpl.invoke(NativeMethodAccessorImpl.java:62)
                        	at sun.reflect.DelegatingMethodAccessorImpl.invoke(DelegatingMethodAccessorImpl.java:43)
                        	at java.lang.reflect.Method.invoke(Method.java:498)
                        	at org.testng.internal.MethodInvocationHelper.invokeMethod(MethodInvocationHelper.java:86)
                        	at org.testng.internal.InvokeMethodRunnable.runOne(InvokeMethodRunnable.java:54)
                        	at org.testng.internal.InvokeMethodRunnable.run(InvokeMethodRunnable.java:44)
                        	at java.util.concurrent.Executors$RunnableAdapter.call(Executors.java:511)
                        	at java.util.concurrent.FutureTask.run(FutureTask.java:266)
                        	at java.util.concurrent.ThreadPoolExecutor.runWorker(ThreadPoolExecutor.java:1142)
                        	at java.util.concurrent.ThreadPoolExecutor$Worker.run(ThreadPoolExecutor.java:617)
                        	at java.lang.Thread.run(Thread.java:745)
                        Caused by: org.openqa.selenium.NoSuchElementException: Unable to locate element: {"method":"xpath","selector":".//*[@id='custom-route']/div[2]/div[2]/div[1]/div[2]/div[9]/button"}
                        Command duration or timeout: 5.10 seconds
                        For documentation on this error, please visit: http://seleniumhq.org/exceptions/no_such_element.html
                        Build info: version: '2.53.0', revision: '35ae25b1534ae328c771e0856c93e187490ca824', time: '2016-03-15 10:43:46'
                        System info: host: 'King', ip: '10.0.0.90', os.name: 'Windows 8.1', os.arch: 'amd64', os.version: '6.3', java.version: '1.8.0_91'
                        Driver info: org.openqa.selenium.firefox.FirefoxDriver
                        Capabilities [{applicationCacheEnabled=true, rotatable=false, handlesAlerts=true, databaseEnabled=true, version=47.0.2, platform=WINDOWS,
                        nativeEvents=false, acceptSslCerts=true, webStorageEnabled=true, locationContextEnabled=true, browserName=firefox, takesScreenshot=true,
                        javascriptEnabled=true, cssSelectorsEnabled=true}]
                        Session ID: f8b47f5b-f2ac-4967-9164-39d126ebca82
                        *** Element info: {Using=xpath, value=.//*[@id='custom-route']/div[2]/div[2]/div[1]/div[2]/div[9]/button}
                        	at sun.reflect.NativeConstructorAccessorImpl.newInstance0(Native Method)
                        	at sun.reflect.NativeConstructorAccessorImpl.newInstance(NativeConstructorAccessorImpl.java:62)
                        	at sun.reflect.DelegatingConstructorAccessorImpl.newInstance(DelegatingConstructorAccessorImpl.java:45)
                        	at java.lang.reflect.Constructor.newInstance(Constructor.java:423)
                        	at org.openqa.selenium.remote.ErrorHandler.createThrowable(ErrorHandler.java:206)
                        	at org.openqa.selenium.remote.ErrorHandler.throwIfResponseFailed(ErrorHandler.java:158)
                        	at org.openqa.selenium.remote.RemoteWebDriver.execute(RemoteWebDriver.java:678)
                        	at org.openqa.selenium.remote.RemoteWebDriver.findElement(RemoteWebDriver.java:363)
                        	at org.openqa.selenium.remote.RemoteWebDriver.findElementByXPath(RemoteWebDriver.java:500)
                        	at org.openqa.selenium.By$ByXPath.findElement(By.java:361)
                        	at org.openqa.selenium.remote.RemoteWebDriver.findElement(RemoteWebDriver.java:355)
                        	at com.jmoney.xiyuyou.util.SeleniumUtil.getElement(SeleniumUtil.java:61)
                        	at com.jmoney.xiyuyou.handler.ClickActionHandler.click(ClickActionHandler.java:21)
                        	... 18 more
                        Caused by: org.openqa.selenium.NoSuchElementException: Unable to locate element: {"method":"xpath","selector":".//*[@id='custom-route']/div[2]/div[2]/div[1]/div[2]/div[9]/button"}
                        For documentation on this error, please visit: http://seleniumhq.org/exceptions/no_such_element.html
                        Build info: version: '2.53.0', revision: '35ae25b1534ae328c771e0856c93e187490ca824', time: '2016-03-15 10:43:46'
                        System info: host: 'King', ip: '10.0.0.90', os.name: 'Windows 8.1', os.arch: 'amd64', os.version: '6.3', java.version: '1.8.0_91'
                        Driver info: driver.version: unknown
                        	at &lt;anonymous class&gt;.FirefoxDriver.prototype.findElementInternal_(file:///C:/Users/King-liu/AppData/Local/Temp/anonymous4995536006693643008webdriver-profile/extensions/fxdriver@googlecode.com/components/driver-component.js:10770)
                        	at &lt;anonymous class&gt;.fxdriver.Timer.prototype.setTimeout/&lt;.notify(file:///C:/Users/King-liu/AppData/Local/Temp/anonymous4995536006693643008webdriver-profile/extensions/fxdriver@googlecode.com/components/driver-component.js:625)
                     </pre>
                  </div>
               </td>
            </tr>
            <tr id="TestCases.Tourists_Purchase_Tickets_case6_byStatus_failed_FAIL3_row"
                class="testMethodStatusFAIL">
               <td width="100%" class="firstMethodCell">
                  <a onclick="toggleDetailsVisibility('TestCases.Tourists_Purchase_Tickets_case6_byStatus_failed_FAIL3_details')">case6()</a>
               </td>
               <td nowrap="true">11:28:43</td>
               <td nowrap="true" align="right">5s
                  
               </td>
               <td nowrap="true">
                  <a onclick="toggleDetailsVisibility('TestCases.Tourists_Purchase_Tickets_case6_byStatus_failed_FAIL3_exception')">org.openqa.selenium.NoSuchElementException: 
                     Unable to locate element: {"method":"xpath","selector":".//*[@id='message-write']/div[2]/div[3]/div[2]/div/div[1]/input"}
                     Command duration or timeout: 5.09 seconds
                     For documentation on this error, please visit: http://seleniumhq.org/exceptions/no_such_element.html
                     Build info: version: '2.53.0', revision: '35ae25b1534ae328c771e0856c93e187490ca824', time: '2016-03-15 10:43:46'
                     System info: host: 'King', ip: '10.0.0.90', os.name: 'Windows 8.1', os.arch: 'amd64', os.version: '6.3', java.version: '1.8.0_91'
                     Driver info: org.openqa.selenium.firefox.FirefoxDriver
                     Capabilities [{applicationCacheEnabled=true, rotatable=false, handlesAlerts=true, databaseEnabled=true, version=47.0.2, platform=WINDOWS,
                     nativeEvents=false, acceptSslCerts=true, webStorageEnabled=true, locationContextEnabled=true, browserName=firefox, takesScreenshot=true,
                     javascriptEnabled=true, cssSelectorsEnabled=true}]
                     Session ID: f8b47f5b-f2ac-4967-9164-39d126ebca82
                     *** Element info: {Using=xpath, value=.//*[@id='message-write']/div[2]/div[3]/div[2]/div/div[1]/input}
                     
                  </a>
                   
                  
               </td>
            </tr>
            <tr>
               <td colspan="4"
                   style="padding: 0; background-color: white; border-style: none; height: 0px;">
                  <div id="TestCases.Tourists_Purchase_Tickets_case6_byStatus_failed_FAIL3_details"
                       class="testMethodDetails">
                     <div>
                        <b>Name:
                           
                        </b>case6
                     </div>
                     <div>
                        <b>Signature:
                           
                        </b>case6()[pri:0, instance:TestCases.Tourists_Purchase_Tickets@22f71333]
                     </div>
                     <div>
                        <b>Start time:
                           
                        </b>11:28:43
                     </div>
                     <div>
                        <b>End time:
                           
                        </b>11:28:48
                     </div>
                     <div>
                        <b>Duration:
                           
                        </b>5s
                        
                     </div>
                  </div>
               </td>
            </tr>
            <tr>
               <td colspan="4"
                   style="padding: 0; background-color: white; border-style: none; height: 0px;">
                  <div id="TestCases.Tourists_Purchase_Tickets_case6_byStatus_failed_FAIL3_exception"
                       class="testMethodDetails">
                     <pre style="padding: 5px; margin: 0;">org.openqa.selenium.NoSuchElementException: Unable to locate element: {"method":"xpath","selector":".//*[@id='message-write']/div[2]/div[3]/div[2]/div/div[1]/input"}
                        Command duration or timeout: 5.09 seconds
                        For documentation on this error, please visit: http://seleniumhq.org/exceptions/no_such_element.html
                        Build info: version: '2.53.0', revision: '35ae25b1534ae328c771e0856c93e187490ca824', time: '2016-03-15 10:43:46'
                        System info: host: 'King', ip: '10.0.0.90', os.name: 'Windows 8.1', os.arch: 'amd64', os.version: '6.3', java.version: '1.8.0_91'
                        Driver info: org.openqa.selenium.firefox.FirefoxDriver
                        Capabilities [{applicationCacheEnabled=true, rotatable=false, handlesAlerts=true, databaseEnabled=true, version=47.0.2, platform=WINDOWS,
                        nativeEvents=false, acceptSslCerts=true, webStorageEnabled=true, locationContextEnabled=true, browserName=firefox, takesScreenshot=true,
                        javascriptEnabled=true, cssSelectorsEnabled=true}]
                        Session ID: f8b47f5b-f2ac-4967-9164-39d126ebca82
                        *** Element info: {Using=xpath, value=.//*[@id='message-write']/div[2]/div[3]/div[2]/div/div[1]/input}
                        	at sun.reflect.NativeConstructorAccessorImpl.newInstance0(Native Method)
                        	at sun.reflect.NativeConstructorAccessorImpl.newInstance(NativeConstructorAccessorImpl.java:62)
                        	at sun.reflect.DelegatingConstructorAccessorImpl.newInstance(DelegatingConstructorAccessorImpl.java:45)
                        	at java.lang.reflect.Constructor.newInstance(Constructor.java:423)
                        	at org.openqa.selenium.remote.ErrorHandler.createThrowable(ErrorHandler.java:206)
                        	at org.openqa.selenium.remote.ErrorHandler.throwIfResponseFailed(ErrorHandler.java:158)
                        	at org.openqa.selenium.remote.RemoteWebDriver.execute(RemoteWebDriver.java:678)
                        	at org.openqa.selenium.remote.RemoteWebDriver.findElement(RemoteWebDriver.java:363)
                        	at org.openqa.selenium.remote.RemoteWebDriver.findElementByXPath(RemoteWebDriver.java:500)
                        	at org.openqa.selenium.By$ByXPath.findElement(By.java:361)
                        	at org.openqa.selenium.remote.RemoteWebDriver.findElement(RemoteWebDriver.java:355)
                        	at com.jmoney.xiyuyou.util.SeleniumUtil.getElement(SeleniumUtil.java:61)
                        	at com.jmoney.xiyuyou.base.StepAction$3.run(StepAction.java:48)
                        	at com.jmoney.xiyuyou.service.RunUnitService.runCase(RunUnitService.java:87)
                        	at TestCases.Tourists_Purchase_Tickets.case6(Tourists_Purchase_Tickets.java:60)
                        	at sun.reflect.NativeMethodAccessorImpl.invoke0(Native Method)
                        	at sun.reflect.NativeMethodAccessorImpl.invoke(NativeMethodAccessorImpl.java:62)
                        	at sun.reflect.DelegatingMethodAccessorImpl.invoke(DelegatingMethodAccessorImpl.java:43)
                        	at java.lang.reflect.Method.invoke(Method.java:498)
                        	at org.testng.internal.MethodInvocationHelper.invokeMethod(MethodInvocationHelper.java:86)
                        	at org.testng.internal.InvokeMethodRunnable.runOne(InvokeMethodRunnable.java:54)
                        	at org.testng.internal.InvokeMethodRunnable.run(InvokeMethodRunnable.java:44)
                        	at java.util.concurrent.Executors$RunnableAdapter.call(Executors.java:511)
                        	at java.util.concurrent.FutureTask.run(FutureTask.java:266)
                        	at java.util.concurrent.ThreadPoolExecutor.runWorker(ThreadPoolExecutor.java:1142)
                        	at java.util.concurrent.ThreadPoolExecutor$Worker.run(ThreadPoolExecutor.java:617)
                        	at java.lang.Thread.run(Thread.java:745)
                        Caused by: org.openqa.selenium.NoSuchElementException: Unable to locate element: {"method":"xpath","selector":".//*[@id='message-write']/div[2]/div[3]/div[2]/div/div[1]/input"}
                        For documentation on this error, please visit: http://seleniumhq.org/exceptions/no_such_element.html
                        Build info: version: '2.53.0', revision: '35ae25b1534ae328c771e0856c93e187490ca824', time: '2016-03-15 10:43:46'
                        System info: host: 'King', ip: '10.0.0.90', os.name: 'Windows 8.1', os.arch: 'amd64', os.version: '6.3', java.version: '1.8.0_91'
                        Driver info: driver.version: unknown
                        	at &lt;anonymous class&gt;.FirefoxDriver.prototype.findElementInternal_(file:///C:/Users/King-liu/AppData/Local/Temp/anonymous4995536006693643008webdriver-profile/extensions/fxdriver@googlecode.com/components/driver-component.js:10770)
                        	at &lt;anonymous class&gt;.fxdriver.Timer.prototype.setTimeout/&lt;.notify(file:///C:/Users/King-liu/AppData/Local/Temp/anonymous4995536006693643008webdriver-profile/extensions/fxdriver@googlecode.com/components/driver-component.js:625)
                     </pre>
                  </div>
               </td>
            </tr>
            <tr id="TestCases.Tourists_Purchase_Tickets_case7_byStatus_failed_FAIL4_row"
                class="testMethodStatusFAIL">
               <td width="100%" class="firstMethodCell">
                  <a onclick="toggleDetailsVisibility('TestCases.Tourists_Purchase_Tickets_case7_byStatus_failed_FAIL4_details')">case7()</a>
               </td>
               <td nowrap="true">11:28:48</td>
               <td nowrap="true" align="right">10s
                  
               </td>
               <td nowrap="true">
                  <a onclick="toggleDetailsVisibility('TestCases.Tourists_Purchase_Tickets_case7_byStatus_failed_FAIL4_exception')">org.openqa.selenium.NoSuchElementException: 
                     Unable to locate element: {"method":"xpath","selector":".//*[@id='payment']/div[2]/div[2]/div/div[1]/div[1]/div/p/span[2]"}
                     Command duration or timeout: 10.07 seconds
                     For documentation on this error, please visit: http://seleniumhq.org/exceptions/no_such_element.html
                     Build info: version: '2.53.0', revision: '35ae25b1534ae328c771e0856c93e187490ca824', time: '2016-03-15 10:43:46'
                     System info: host: 'King', ip: '10.0.0.90', os.name: 'Windows 8.1', os.arch: 'amd64', os.version: '6.3', java.version: '1.8.0_91'
                     Driver info: org.openqa.selenium.firefox.FirefoxDriver
                     Capabilities [{applicationCacheEnabled=true, rotatable=false, handlesAlerts=true, databaseEnabled=true, version=47.0.2, platform=WINDOWS,
                     nativeEvents=false, acceptSslCerts=true, webStorageEnabled=true, locationContextEnabled=true, browserName=firefox, takesScreenshot=true,
                     javascriptEnabled=true, cssSelectorsEnabled=true}]
                     Session ID: f8b47f5b-f2ac-4967-9164-39d126ebca82
                     *** Element info: {Using=xpath, value=.//*[@id='payment']/div[2]/div[2]/div/div[1]/div[1]/div/p/span[2]}
                     
                  </a>
                   
                  
               </td>
            </tr>
            <tr>
               <td colspan="4"
                   style="padding: 0; background-color: white; border-style: none; height: 0px;">
                  <div id="TestCases.Tourists_Purchase_Tickets_case7_byStatus_failed_FAIL4_details"
                       class="testMethodDetails">
                     <div>
                        <b>Name:
                           
                        </b>case7
                     </div>
                     <div>
                        <b>Signature:
                           
                        </b>case7()[pri:0, instance:TestCases.Tourists_Purchase_Tickets@22f71333]
                     </div>
                     <div>
                        <b>Start time:
                           
                        </b>11:28:48
                     </div>
                     <div>
                        <b>End time:
                           
                        </b>11:28:58
                     </div>
                     <div>
                        <b>Duration:
                           
                        </b>10s
                        
                     </div>
                  </div>
               </td>
            </tr>
            <tr>
               <td colspan="4"
                   style="padding: 0; background-color: white; border-style: none; height: 0px;">
                  <div id="TestCases.Tourists_Purchase_Tickets_case7_byStatus_failed_FAIL4_exception"
                       class="testMethodDetails">
                     <pre style="padding: 5px; margin: 0;">org.openqa.selenium.NoSuchElementException: Unable to locate element: {"method":"xpath","selector":".//*[@id='payment']/div[2]/div[2]/div/div[1]/div[1]/div/p/span[2]"}
                        Command duration or timeout: 10.07 seconds
                        For documentation on this error, please visit: http://seleniumhq.org/exceptions/no_such_element.html
                        Build info: version: '2.53.0', revision: '35ae25b1534ae328c771e0856c93e187490ca824', time: '2016-03-15 10:43:46'
                        System info: host: 'King', ip: '10.0.0.90', os.name: 'Windows 8.1', os.arch: 'amd64', os.version: '6.3', java.version: '1.8.0_91'
                        Driver info: org.openqa.selenium.firefox.FirefoxDriver
                        Capabilities [{applicationCacheEnabled=true, rotatable=false, handlesAlerts=true, databaseEnabled=true, version=47.0.2, platform=WINDOWS,
                        nativeEvents=false, acceptSslCerts=true, webStorageEnabled=true, locationContextEnabled=true, browserName=firefox, takesScreenshot=true,
                        javascriptEnabled=true, cssSelectorsEnabled=true}]
                        Session ID: f8b47f5b-f2ac-4967-9164-39d126ebca82
                        *** Element info: {Using=xpath, value=.//*[@id='payment']/div[2]/div[2]/div/div[1]/div[1]/div/p/span[2]}
                        	at sun.reflect.NativeConstructorAccessorImpl.newInstance0(Native Method)
                        	at sun.reflect.NativeConstructorAccessorImpl.newInstance(NativeConstructorAccessorImpl.java:62)
                        	at sun.reflect.DelegatingConstructorAccessorImpl.newInstance(DelegatingConstructorAccessorImpl.java:45)
                        	at java.lang.reflect.Constructor.newInstance(Constructor.java:423)
                        	at org.openqa.selenium.remote.ErrorHandler.createThrowable(ErrorHandler.java:206)
                        	at org.openqa.selenium.remote.ErrorHandler.throwIfResponseFailed(ErrorHandler.java:158)
                        	at org.openqa.selenium.remote.RemoteWebDriver.execute(RemoteWebDriver.java:678)
                        	at org.openqa.selenium.remote.RemoteWebDriver.findElement(RemoteWebDriver.java:363)
                        	at org.openqa.selenium.remote.RemoteWebDriver.findElementByXPath(RemoteWebDriver.java:500)
                        	at org.openqa.selenium.By$ByXPath.findElement(By.java:361)
                        	at org.openqa.selenium.remote.RemoteWebDriver.findElement(RemoteWebDriver.java:355)
                        	at com.jmoney.xiyuyou.util.SeleniumUtil.getElement(SeleniumUtil.java:61)
                        	at com.jmoney.xiyuyou.base.StepAction$2.run(StepAction.java:38)
                        	at com.jmoney.xiyuyou.service.RunUnitService.runCase(RunUnitService.java:87)
                        	at TestCases.Tourists_Purchase_Tickets.case7(Tourists_Purchase_Tickets.java:66)
                        	at sun.reflect.NativeMethodAccessorImpl.invoke0(Native Method)
                        	at sun.reflect.NativeMethodAccessorImpl.invoke(NativeMethodAccessorImpl.java:62)
                        	at sun.reflect.DelegatingMethodAccessorImpl.invoke(DelegatingMethodAccessorImpl.java:43)
                        	at java.lang.reflect.Method.invoke(Method.java:498)
                        	at org.testng.internal.MethodInvocationHelper.invokeMethod(MethodInvocationHelper.java:86)
                        	at org.testng.internal.InvokeMethodRunnable.runOne(InvokeMethodRunnable.java:54)
                        	at org.testng.internal.InvokeMethodRunnable.run(InvokeMethodRunnable.java:44)
                        	at java.util.concurrent.Executors$RunnableAdapter.call(Executors.java:511)
                        	at java.util.concurrent.FutureTask.run(FutureTask.java:266)
                        	at java.util.concurrent.ThreadPoolExecutor.runWorker(ThreadPoolExecutor.java:1142)
                        	at java.util.concurrent.ThreadPoolExecutor$Worker.run(ThreadPoolExecutor.java:617)
                        	at java.lang.Thread.run(Thread.java:745)
                        Caused by: org.openqa.selenium.NoSuchElementException: Unable to locate element: {"method":"xpath","selector":".//*[@id='payment']/div[2]/div[2]/div/div[1]/div[1]/div/p/span[2]"}
                        For documentation on this error, please visit: http://seleniumhq.org/exceptions/no_such_element.html
                        Build info: version: '2.53.0', revision: '35ae25b1534ae328c771e0856c93e187490ca824', time: '2016-03-15 10:43:46'
                        System info: host: 'King', ip: '10.0.0.90', os.name: 'Windows 8.1', os.arch: 'amd64', os.version: '6.3', java.version: '1.8.0_91'
                        Driver info: driver.version: unknown
                        	at &lt;anonymous class&gt;.FirefoxDriver.prototype.findElementInternal_(file:///C:/Users/King-liu/AppData/Local/Temp/anonymous4995536006693643008webdriver-profile/extensions/fxdriver@googlecode.com/components/driver-component.js:10770)
                        	at &lt;anonymous class&gt;.fxdriver.Timer.prototype.setTimeout/&lt;.notify(file:///C:/Users/King-liu/AppData/Local/Temp/anonymous4995536006693643008webdriver-profile/extensions/fxdriver@googlecode.com/components/driver-component.js:625)
                     </pre>
                  </div>
               </td>
            </tr>
            <tr id="TestCases.Tourists_Purchase_Tickets_case8_byStatus_failed_FAIL5_row"
                class="testMethodStatusFAIL">
               <td width="100%" class="firstMethodCell">
                  <a onclick="toggleDetailsVisibility('TestCases.Tourists_Purchase_Tickets_case8_byStatus_failed_FAIL5_details')">case8()</a>
               </td>
               <td nowrap="true">11:28:58</td>
               <td nowrap="true" align="right">2 ms
                  
               </td>
               <td nowrap="true">
                  <a onclick="toggleDetailsVisibility('TestCases.Tourists_Purchase_Tickets_case8_byStatus_failed_FAIL5_exception')">java.lang.reflect.InvocationTargetException: </a>
                   
                  
               </td>
            </tr>
            <tr>
               <td colspan="4"
                   style="padding: 0; background-color: white; border-style: none; height: 0px;">
                  <div id="TestCases.Tourists_Purchase_Tickets_case8_byStatus_failed_FAIL5_details"
                       class="testMethodDetails">
                     <div>
                        <b>Name:
                           
                        </b>case8
                     </div>
                     <div>
                        <b>Signature:
                           
                        </b>case8()[pri:0, instance:TestCases.Tourists_Purchase_Tickets@22f71333]
                     </div>
                     <div>
                        <b>Start time:
                           
                        </b>11:28:58
                     </div>
                     <div>
                        <b>End time:
                           
                        </b>11:28:58
                     </div>
                     <div>
                        <b>Duration:
                           
                        </b>2 ms
                        
                     </div>
                  </div>
               </td>
            </tr>
            <tr>
               <td colspan="4"
                   style="padding: 0; background-color: white; border-style: none; height: 0px;">
                  <div id="TestCases.Tourists_Purchase_Tickets_case8_byStatus_failed_FAIL5_exception"
                       class="testMethodDetails">
                     <pre style="padding: 5px; margin: 0;">java.lang.reflect.InvocationTargetException
                        	at sun.reflect.NativeMethodAccessorImpl.invoke0(Native Method)
                        	at sun.reflect.NativeMethodAccessorImpl.invoke(NativeMethodAccessorImpl.java:62)
                        	at sun.reflect.DelegatingMethodAccessorImpl.invoke(DelegatingMethodAccessorImpl.java:43)
                        	at java.lang.reflect.Method.invoke(Method.java:498)
                        	at com.jmoney.xiyuyou.service.RunUnitService.runCase(RunUnitService.java:85)
                        	at TestCases.Tourists_Purchase_Tickets.case8(Tourists_Purchase_Tickets.java:72)
                        	at sun.reflect.NativeMethodAccessorImpl.invoke0(Native Method)
                        	at sun.reflect.NativeMethodAccessorImpl.invoke(NativeMethodAccessorImpl.java:62)
                        	at sun.reflect.DelegatingMethodAccessorImpl.invoke(DelegatingMethodAccessorImpl.java:43)
                        	at java.lang.reflect.Method.invoke(Method.java:498)
                        	at org.testng.internal.MethodInvocationHelper.invokeMethod(MethodInvocationHelper.java:86)
                        	at org.testng.internal.InvokeMethodRunnable.runOne(InvokeMethodRunnable.java:54)
                        	at org.testng.internal.InvokeMethodRunnable.run(InvokeMethodRunnable.java:44)
                        	at java.util.concurrent.Executors$RunnableAdapter.call(Executors.java:511)
                        	at java.util.concurrent.FutureTask.run(FutureTask.java:266)
                        	at java.util.concurrent.ThreadPoolExecutor.runWorker(ThreadPoolExecutor.java:1142)
                        	at java.util.concurrent.ThreadPoolExecutor$Worker.run(ThreadPoolExecutor.java:617)
                        	at java.lang.Thread.run(Thread.java:745)
                        Caused by: java.lang.NullPointerException
                        	at com.jmoney.xiyuyou.util.SeleniumUtil.parseStringHasEls(SeleniumUtil.java:110)
                        	at com.jmoney.xiyuyou.handler.HttpRequestHandler.sendPost(HttpRequestHandler.java:39)
                        	... 18 more
                     </pre>
                  </div>
               </td>
            </tr>
            <tr id="TestCases.Tourists_Purchase_Tickets_case9_byStatus_failed_FAIL6_row"
                class="testMethodStatusFAIL">
               <td width="100%" class="firstMethodCell">
                  <a onclick="toggleDetailsVisibility('TestCases.Tourists_Purchase_Tickets_case9_byStatus_failed_FAIL6_details')">case9()</a>
               </td>
               <td nowrap="true">11:28:58</td>
               <td nowrap="true" align="right">10s
                  
               </td>
               <td nowrap="true">
                  <a onclick="toggleDetailsVisibility('TestCases.Tourists_Purchase_Tickets_case9_byStatus_failed_FAIL6_exception')">java.lang.reflect.InvocationTargetException: </a>
                   
                  
               </td>
            </tr>
            <tr>
               <td colspan="4"
                   style="padding: 0; background-color: white; border-style: none; height: 0px;">
                  <div id="TestCases.Tourists_Purchase_Tickets_case9_byStatus_failed_FAIL6_details"
                       class="testMethodDetails">
                     <div>
                        <b>Name:
                           
                        </b>case9
                     </div>
                     <div>
                        <b>Signature:
                           
                        </b>case9()[pri:0, instance:TestCases.Tourists_Purchase_Tickets@22f71333]
                     </div>
                     <div>
                        <b>Start time:
                           
                        </b>11:28:58
                     </div>
                     <div>
                        <b>End time:
                           
                        </b>11:29:08
                     </div>
                     <div>
                        <b>Duration:
                           
                        </b>10s
                        
                     </div>
                  </div>
               </td>
            </tr>
            <tr>
               <td colspan="4"
                   style="padding: 0; background-color: white; border-style: none; height: 0px;">
                  <div id="TestCases.Tourists_Purchase_Tickets_case9_byStatus_failed_FAIL6_exception"
                       class="testMethodDetails">
                     <pre style="padding: 5px; margin: 0;">java.lang.reflect.InvocationTargetException
                        	at sun.reflect.NativeMethodAccessorImpl.invoke0(Native Method)
                        	at sun.reflect.NativeMethodAccessorImpl.invoke(NativeMethodAccessorImpl.java:62)
                        	at sun.reflect.DelegatingMethodAccessorImpl.invoke(DelegatingMethodAccessorImpl.java:43)
                        	at java.lang.reflect.Method.invoke(Method.java:498)
                        	at com.jmoney.xiyuyou.service.RunUnitService.runCase(RunUnitService.java:85)
                        	at TestCases.Tourists_Purchase_Tickets.case9(Tourists_Purchase_Tickets.java:78)
                        	at sun.reflect.NativeMethodAccessorImpl.invoke0(Native Method)
                        	at sun.reflect.NativeMethodAccessorImpl.invoke(NativeMethodAccessorImpl.java:62)
                        	at sun.reflect.DelegatingMethodAccessorImpl.invoke(DelegatingMethodAccessorImpl.java:43)
                        	at java.lang.reflect.Method.invoke(Method.java:498)
                        	at org.testng.internal.MethodInvocationHelper.invokeMethod(MethodInvocationHelper.java:86)
                        	at org.testng.internal.InvokeMethodRunnable.runOne(InvokeMethodRunnable.java:54)
                        	at org.testng.internal.InvokeMethodRunnable.run(InvokeMethodRunnable.java:44)
                        	at java.util.concurrent.Executors$RunnableAdapter.call(Executors.java:511)
                        	at java.util.concurrent.FutureTask.run(FutureTask.java:266)
                        	at java.util.concurrent.ThreadPoolExecutor.runWorker(ThreadPoolExecutor.java:1142)
                        	at java.util.concurrent.ThreadPoolExecutor$Worker.run(ThreadPoolExecutor.java:617)
                        	at java.lang.Thread.run(Thread.java:745)
                        Caused by: org.openqa.selenium.NoSuchElementException: Unable to locate element: {"method":"xpath","selector":".//*[@id='result']/div[2]/div[2]/div[2]/p[3]/a[2]"}
                        Command duration or timeout: 10.09 seconds
                        For documentation on this error, please visit: http://seleniumhq.org/exceptions/no_such_element.html
                        Build info: version: '2.53.0', revision: '35ae25b1534ae328c771e0856c93e187490ca824', time: '2016-03-15 10:43:46'
                        System info: host: 'King', ip: '10.0.0.90', os.name: 'Windows 8.1', os.arch: 'amd64', os.version: '6.3', java.version: '1.8.0_91'
                        Driver info: org.openqa.selenium.firefox.FirefoxDriver
                        Capabilities [{applicationCacheEnabled=true, rotatable=false, handlesAlerts=true, databaseEnabled=true, version=47.0.2, platform=WINDOWS,
                        nativeEvents=false, acceptSslCerts=true, webStorageEnabled=true, locationContextEnabled=true, browserName=firefox, takesScreenshot=true,
                        javascriptEnabled=true, cssSelectorsEnabled=true}]
                        Session ID: f8b47f5b-f2ac-4967-9164-39d126ebca82
                        *** Element info: {Using=xpath, value=.//*[@id='result']/div[2]/div[2]/div[2]/p[3]/a[2]}
                        	at sun.reflect.NativeConstructorAccessorImpl.newInstance0(Native Method)
                        	at sun.reflect.NativeConstructorAccessorImpl.newInstance(NativeConstructorAccessorImpl.java:62)
                        	at sun.reflect.DelegatingConstructorAccessorImpl.newInstance(DelegatingConstructorAccessorImpl.java:45)
                        	at java.lang.reflect.Constructor.newInstance(Constructor.java:423)
                        	at org.openqa.selenium.remote.ErrorHandler.createThrowable(ErrorHandler.java:206)
                        	at org.openqa.selenium.remote.ErrorHandler.throwIfResponseFailed(ErrorHandler.java:158)
                        	at org.openqa.selenium.remote.RemoteWebDriver.execute(RemoteWebDriver.java:678)
                        	at org.openqa.selenium.remote.RemoteWebDriver.findElement(RemoteWebDriver.java:363)
                        	at org.openqa.selenium.remote.RemoteWebDriver.findElementByXPath(RemoteWebDriver.java:500)
                        	at org.openqa.selenium.By$ByXPath.findElement(By.java:361)
                        	at org.openqa.selenium.remote.RemoteWebDriver.findElement(RemoteWebDriver.java:355)
                        	at com.jmoney.xiyuyou.util.SeleniumUtil.getElement(SeleniumUtil.java:61)
                        	at com.jmoney.xiyuyou.handler.ClickActionHandler.click(ClickActionHandler.java:21)
                        	... 18 more
                        Caused by: org.openqa.selenium.NoSuchElementException: Unable to locate element: {"method":"xpath","selector":".//*[@id='result']/div[2]/div[2]/div[2]/p[3]/a[2]"}
                        For documentation on this error, please visit: http://seleniumhq.org/exceptions/no_such_element.html
                        Build info: version: '2.53.0', revision: '35ae25b1534ae328c771e0856c93e187490ca824', time: '2016-03-15 10:43:46'
                        System info: host: 'King', ip: '10.0.0.90', os.name: 'Windows 8.1', os.arch: 'amd64', os.version: '6.3', java.version: '1.8.0_91'
                        Driver info: driver.version: unknown
                        	at &lt;anonymous class&gt;.FirefoxDriver.prototype.findElementInternal_(file:///C:/Users/King-liu/AppData/Local/Temp/anonymous4995536006693643008webdriver-profile/extensions/fxdriver@googlecode.com/components/driver-component.js:10770)
                        	at &lt;anonymous class&gt;.fxdriver.Timer.prototype.setTimeout/&lt;.notify(file:///C:/Users/King-liu/AppData/Local/Temp/anonymous4995536006693643008webdriver-profile/extensions/fxdriver@googlecode.com/components/driver-component.js:625)
                     </pre>
                  </div>
               </td>
            </tr>
            <tr id="TestCases.Tourists_Purchase_Tickets_case_10_byStatus_failed_FAIL7_row"
                class="testMethodStatusFAIL">
               <td width="100%" class="firstMethodCell">
                  <a onclick="toggleDetailsVisibility('TestCases.Tourists_Purchase_Tickets_case_10_byStatus_failed_FAIL7_details')">case_10()</a>
               </td>
               <td nowrap="true">11:29:08</td>
               <td nowrap="true" align="right">10s
                  
               </td>
               <td nowrap="true">
                  <a onclick="toggleDetailsVisibility('TestCases.Tourists_Purchase_Tickets_case_10_byStatus_failed_FAIL7_exception')">java.lang.reflect.InvocationTargetException: </a>
                   
                  
               </td>
            </tr>
            <tr>
               <td colspan="4"
                   style="padding: 0; background-color: white; border-style: none; height: 0px;">
                  <div id="TestCases.Tourists_Purchase_Tickets_case_10_byStatus_failed_FAIL7_details"
                       class="testMethodDetails">
                     <div>
                        <b>Name:
                           
                        </b>case_10
                     </div>
                     <div>
                        <b>Signature:
                           
                        </b>case_10()[pri:0, instance:TestCases.Tourists_Purchase_Tickets@22f71333]
                     </div>
                     <div>
                        <b>Start time:
                           
                        </b>11:29:08
                     </div>
                     <div>
                        <b>End time:
                           
                        </b>11:29:18
                     </div>
                     <div>
                        <b>Duration:
                           
                        </b>10s
                        
                     </div>
                  </div>
               </td>
            </tr>
            <tr>
               <td colspan="4"
                   style="padding: 0; background-color: white; border-style: none; height: 0px;">
                  <div id="TestCases.Tourists_Purchase_Tickets_case_10_byStatus_failed_FAIL7_exception"
                       class="testMethodDetails">
                     <pre style="padding: 5px; margin: 0;">java.lang.reflect.InvocationTargetException
                        	at sun.reflect.NativeMethodAccessorImpl.invoke0(Native Method)
                        	at sun.reflect.NativeMethodAccessorImpl.invoke(NativeMethodAccessorImpl.java:62)
                        	at sun.reflect.DelegatingMethodAccessorImpl.invoke(DelegatingMethodAccessorImpl.java:43)
                        	at java.lang.reflect.Method.invoke(Method.java:498)
                        	at com.jmoney.xiyuyou.service.RunUnitService.runCase(RunUnitService.java:85)
                        	at TestCases.Tourists_Purchase_Tickets.case_10(Tourists_Purchase_Tickets.java:84)
                        	at sun.reflect.NativeMethodAccessorImpl.invoke0(Native Method)
                        	at sun.reflect.NativeMethodAccessorImpl.invoke(NativeMethodAccessorImpl.java:62)
                        	at sun.reflect.DelegatingMethodAccessorImpl.invoke(DelegatingMethodAccessorImpl.java:43)
                        	at java.lang.reflect.Method.invoke(Method.java:498)
                        	at org.testng.internal.MethodInvocationHelper.invokeMethod(MethodInvocationHelper.java:86)
                        	at org.testng.internal.InvokeMethodRunnable.runOne(InvokeMethodRunnable.java:54)
                        	at org.testng.internal.InvokeMethodRunnable.run(InvokeMethodRunnable.java:44)
                        	at java.util.concurrent.Executors$RunnableAdapter.call(Executors.java:511)
                        	at java.util.concurrent.FutureTask.run(FutureTask.java:266)
                        	at java.util.concurrent.ThreadPoolExecutor.runWorker(ThreadPoolExecutor.java:1142)
                        	at java.util.concurrent.ThreadPoolExecutor$Worker.run(ThreadPoolExecutor.java:617)
                        	at java.lang.Thread.run(Thread.java:745)
                        Caused by: org.openqa.selenium.NoSuchElementException: Unable to locate element: {"method":"xpath","selector":".//*[@id='order-detail']/div[2]/div[1]/p"}
                        Command duration or timeout: 10.07 seconds
                        For documentation on this error, please visit: http://seleniumhq.org/exceptions/no_such_element.html
                        Build info: version: '2.53.0', revision: '35ae25b1534ae328c771e0856c93e187490ca824', time: '2016-03-15 10:43:46'
                        System info: host: 'King', ip: '10.0.0.90', os.name: 'Windows 8.1', os.arch: 'amd64', os.version: '6.3', java.version: '1.8.0_91'
                        Driver info: org.openqa.selenium.firefox.FirefoxDriver
                        Capabilities [{applicationCacheEnabled=true, rotatable=false, handlesAlerts=true, databaseEnabled=true, version=47.0.2, platform=WINDOWS,
                        nativeEvents=false, acceptSslCerts=true, webStorageEnabled=true, locationContextEnabled=true, browserName=firefox, takesScreenshot=true,
                        javascriptEnabled=true, cssSelectorsEnabled=true}]
                        Session ID: f8b47f5b-f2ac-4967-9164-39d126ebca82
                        *** Element info: {Using=xpath, value=.//*[@id='order-detail']/div[2]/div[1]/p}
                        	at sun.reflect.NativeConstructorAccessorImpl.newInstance0(Native Method)
                        	at sun.reflect.NativeConstructorAccessorImpl.newInstance(NativeConstructorAccessorImpl.java:62)
                        	at sun.reflect.DelegatingConstructorAccessorImpl.newInstance(DelegatingConstructorAccessorImpl.java:45)
                        	at java.lang.reflect.Constructor.newInstance(Constructor.java:423)
                        	at org.openqa.selenium.remote.ErrorHandler.createThrowable(ErrorHandler.java:206)
                        	at org.openqa.selenium.remote.ErrorHandler.throwIfResponseFailed(ErrorHandler.java:158)
                        	at org.openqa.selenium.remote.RemoteWebDriver.execute(RemoteWebDriver.java:678)
                        	at org.openqa.selenium.remote.RemoteWebDriver.findElement(RemoteWebDriver.java:363)
                        	at org.openqa.selenium.remote.RemoteWebDriver.findElementByXPath(RemoteWebDriver.java:500)
                        	at org.openqa.selenium.By$ByXPath.findElement(By.java:361)
                        	at org.openqa.selenium.remote.RemoteWebDriver.findElement(RemoteWebDriver.java:355)
                        	at com.jmoney.xiyuyou.util.SeleniumUtil.getElement(SeleniumUtil.java:61)
                        	at com.jmoney.xiyuyou.handler.CheckActionHandler.check(CheckActionHandler.java:32)
                        	... 18 more
                        Caused by: org.openqa.selenium.NoSuchElementException: Unable to locate element: {"method":"xpath","selector":".//*[@id='order-detail']/div[2]/div[1]/p"}
                        For documentation on this error, please visit: http://seleniumhq.org/exceptions/no_such_element.html
                        Build info: version: '2.53.0', revision: '35ae25b1534ae328c771e0856c93e187490ca824', time: '2016-03-15 10:43:46'
                        System info: host: 'King', ip: '10.0.0.90', os.name: 'Windows 8.1', os.arch: 'amd64', os.version: '6.3', java.version: '1.8.0_91'
                        Driver info: driver.version: unknown
                        	at &lt;anonymous class&gt;.FirefoxDriver.prototype.findElementInternal_(file:///C:/Users/King-liu/AppData/Local/Temp/anonymous4995536006693643008webdriver-profile/extensions/fxdriver@googlecode.com/components/driver-component.js:10770)
                        	at &lt;anonymous class&gt;.fxdriver.Timer.prototype.setTimeout/&lt;.notify(file:///C:/Users/King-liu/AppData/Local/Temp/anonymous4995536006693643008webdriver-profile/extensions/fxdriver@googlecode.com/components/driver-component.js:625)
                     </pre>
                  </div>
               </td>
            </tr>
            <tr id="TestCases.Tourists_Purchase_Tickets_stup_byStatus_passed_PASS1_row"
                class="testMethodStatusPASS testMethodStatusCONF">
               <td width="100%" class="firstMethodCell">
                  <a onclick="toggleDetailsVisibility('TestCases.Tourists_Purchase_Tickets_stup_byStatus_passed_PASS1_details')">stup()</a>
               </td>
               <td nowrap="true">11:28:05</td>
               <td nowrap="true" align="right">4s
                  
               </td>
               <td nowrap="true">
                   
                  
               </td>
            </tr>
            <tr>
               <td colspan="4"
                   style="padding: 0; background-color: white; border-style: none; height: 0px;">
                  <div id="TestCases.Tourists_Purchase_Tickets_stup_byStatus_passed_PASS1_details"
                       class="testMethodDetails">
                     <div>
                        <b>Name:
                           
                        </b>stup
                     </div>
                     <div>
                        <b>Signature:
                           
                        </b>stup()[pri:0, instance:TestCases.Tourists_Purchase_Tickets@22f71333]
                     </div>
                     <div>
                        <b>Start time:
                           
                        </b>11:28:05
                     </div>
                     <div>
                        <b>End time:
                           
                        </b>11:28:09
                     </div>
                     <div>
                        <b>Duration:
                           
                        </b>4s
                        
                     </div>
                  </div>
               </td>
            </tr>
            <tr></tr>
            <tr id="TestCases.Tourists_Purchase_Tickets_case1_byStatus_passed_PASS2_row"
                class="testMethodStatusPASS">
               <td width="100%" class="firstMethodCell">
                  <a onclick="toggleDetailsVisibility('TestCases.Tourists_Purchase_Tickets_case1_byStatus_passed_PASS2_details')">case1()</a>
               </td>
               <td nowrap="true">11:28:09</td>
               <td nowrap="true" align="right">5s
                  
               </td>
               <td nowrap="true">
                   
                  
               </td>
            </tr>
            <tr>
               <td colspan="4"
                   style="padding: 0; background-color: white; border-style: none; height: 0px;">
                  <div id="TestCases.Tourists_Purchase_Tickets_case1_byStatus_passed_PASS2_details"
                       class="testMethodDetails">
                     <div>
                        <b>Name:
                           
                        </b>case1
                     </div>
                     <div>
                        <b>Signature:
                           
                        </b>case1()[pri:0, instance:TestCases.Tourists_Purchase_Tickets@22f71333]
                     </div>
                     <div>
                        <b>Start time:
                           
                        </b>11:28:09
                     </div>
                     <div>
                        <b>End time:
                           
                        </b>11:28:14
                     </div>
                     <div>
                        <b>Duration:
                           
                        </b>5s
                        
                     </div>
                  </div>
               </td>
            </tr>
            <tr></tr>
            <tr id="TestCases.Tourists_Purchase_Tickets_case2_byStatus_passed_PASS3_row"
                class="testMethodStatusPASS">
               <td width="100%" class="firstMethodCell">
                  <a onclick="toggleDetailsVisibility('TestCases.Tourists_Purchase_Tickets_case2_byStatus_passed_PASS3_details')">case2()</a>
               </td>
               <td nowrap="true">11:28:14</td>
               <td nowrap="true" align="right">14s
                  
               </td>
               <td nowrap="true">
                   
                  
               </td>
            </tr>
            <tr>
               <td colspan="4"
                   style="padding: 0; background-color: white; border-style: none; height: 0px;">
                  <div id="TestCases.Tourists_Purchase_Tickets_case2_byStatus_passed_PASS3_details"
                       class="testMethodDetails">
                     <div>
                        <b>Name:
                           
                        </b>case2
                     </div>
                     <div>
                        <b>Signature:
                           
                        </b>case2()[pri:0, instance:TestCases.Tourists_Purchase_Tickets@22f71333]
                     </div>
                     <div>
                        <b>Start time:
                           
                        </b>11:28:14
                     </div>
                     <div>
                        <b>End time:
                           
                        </b>11:28:27
                     </div>
                     <div>
                        <b>Duration:
                           
                        </b>14s
                        
                     </div>
                  </div>
               </td>
            </tr>
            <tr></tr>
            <tr id="TestCases.Tourists_Purchase_Tickets_case3_byStatus_passed_PASS4_row"
                class="testMethodStatusPASS">
               <td width="100%" class="firstMethodCell">
                  <a onclick="toggleDetailsVisibility('TestCases.Tourists_Purchase_Tickets_case3_byStatus_passed_PASS4_details')">case3()</a>
               </td>
               <td nowrap="true">11:28:27</td>
               <td nowrap="true" align="right">4s
                  
               </td>
               <td nowrap="true">
                   
                  
               </td>
            </tr>
            <tr>
               <td colspan="4"
                   style="padding: 0; background-color: white; border-style: none; height: 0px;">
                  <div id="TestCases.Tourists_Purchase_Tickets_case3_byStatus_passed_PASS4_details"
                       class="testMethodDetails">
                     <div>
                        <b>Name:
                           
                        </b>case3
                     </div>
                     <div>
                        <b>Signature:
                           
                        </b>case3()[pri:0, instance:TestCases.Tourists_Purchase_Tickets@22f71333]
                     </div>
                     <div>
                        <b>Start time:
                           
                        </b>11:28:27
                     </div>
                     <div>
                        <b>End time:
                           
                        </b>11:28:31
                     </div>
                     <div>
                        <b>Duration:
                           
                        </b>4s
                        
                     </div>
                  </div>
               </td>
            </tr>
            <tr></tr>
            <tr id="TestCases.Tourists_Purchase_Tickets_TearDown_byStatus_passed_PASS5_row"
                class="testMethodStatusPASS testMethodStatusCONF">
               <td width="100%" class="firstMethodCell">
                  <a onclick="toggleDetailsVisibility('TestCases.Tourists_Purchase_Tickets_TearDown_byStatus_passed_PASS5_details')">TearDown()</a>
               </td>
               <td nowrap="true">11:29:18</td>
               <td nowrap="true" align="right">421 ms
                  
               </td>
               <td nowrap="true">
                   
                  
               </td>
            </tr>
            <tr>
               <td colspan="4"
                   style="padding: 0; background-color: white; border-style: none; height: 0px;">
                  <div id="TestCases.Tourists_Purchase_Tickets_TearDown_byStatus_passed_PASS5_details"
                       class="testMethodDetails">
                     <div>
                        <b>Name:
                           
                        </b>TearDown
                     </div>
                     <div>
                        <b>Signature:
                           
                        </b>TearDown()[pri:0, instance:TestCases.Tourists_Purchase_Tickets@22f71333]
                     </div>
                     <div>
                        <b>Start time:
                           
                        </b>11:29:18
                     </div>
                     <div>
                        <b>End time:
                           
                        </b>11:29:19
                     </div>
                     <div>
                        <b>Duration:
                           
                        </b>421 ms
                        
                     </div>
                  </div>
               </td>
            </tr>
            <tr></tr>
         </table>
      </div>
      <div id="testMethodsByClass" style="display: none;">
         <table class="testMethodsTable" cellpadding="0" cellspacing="0">
            <tr>
               <td colspan="4">
                  <h3 style="display: inline;">TestCases.Tourists_Purchase_Tickets</h3>
               </td>
            </tr>
            <tr class="methodsTableHeader">
               <td width="100%">Name</td>
               <td nowrap="true">Started</td>
               <td nowrap="true">Duration</td>
               <td>Exception</td>
            </tr>
            <tr id="TestCases.Tourists_Purchase_Tickets_stup_byClass_PASS1_row"
                class="testMethodStatusPASS testMethodStatusCONF">
               <td width="100%" class="firstMethodCell">
                  <a onclick="toggleDetailsVisibility('TestCases.Tourists_Purchase_Tickets_stup_byClass_PASS1_details')">stup()</a>
               </td>
               <td nowrap="true">11:28:05</td>
               <td nowrap="true" align="right">4s
                  
               </td>
               <td nowrap="true">
                   
                  
               </td>
            </tr>
            <tr>
               <td colspan="4"
                   style="padding: 0; background-color: white; border-style: none; height: 0px;">
                  <div id="TestCases.Tourists_Purchase_Tickets_stup_byClass_PASS1_details"
                       class="testMethodDetails">
                     <div>
                        <b>Name:
                           
                        </b>stup
                     </div>
                     <div>
                        <b>Signature:
                           
                        </b>stup()[pri:0, instance:TestCases.Tourists_Purchase_Tickets@22f71333]
                     </div>
                     <div>
                        <b>Start time:
                           
                        </b>11:28:05
                     </div>
                     <div>
                        <b>End time:
                           
                        </b>11:28:09
                     </div>
                     <div>
                        <b>Duration:
                           
                        </b>4s
                        
                     </div>
                  </div>
               </td>
            </tr>
            <tr></tr>
            <tr id="TestCases.Tourists_Purchase_Tickets_case1_byClass_PASS2_row"
                class="testMethodStatusPASS">
               <td width="100%" class="firstMethodCell">
                  <a onclick="toggleDetailsVisibility('TestCases.Tourists_Purchase_Tickets_case1_byClass_PASS2_details')">case1()</a>
               </td>
               <td nowrap="true">11:28:09</td>
               <td nowrap="true" align="right">5s
                  
               </td>
               <td nowrap="true">
                   
                  
               </td>
            </tr>
            <tr>
               <td colspan="4"
                   style="padding: 0; background-color: white; border-style: none; height: 0px;">
                  <div id="TestCases.Tourists_Purchase_Tickets_case1_byClass_PASS2_details"
                       class="testMethodDetails">
                     <div>
                        <b>Name:
                           
                        </b>case1
                     </div>
                     <div>
                        <b>Signature:
                           
                        </b>case1()[pri:0, instance:TestCases.Tourists_Purchase_Tickets@22f71333]
                     </div>
                     <div>
                        <b>Start time:
                           
                        </b>11:28:09
                     </div>
                     <div>
                        <b>End time:
                           
                        </b>11:28:14
                     </div>
                     <div>
                        <b>Duration:
                           
                        </b>5s
                        
                     </div>
                  </div>
               </td>
            </tr>
            <tr></tr>
            <tr id="TestCases.Tourists_Purchase_Tickets_case2_byClass_PASS3_row"
                class="testMethodStatusPASS">
               <td width="100%" class="firstMethodCell">
                  <a onclick="toggleDetailsVisibility('TestCases.Tourists_Purchase_Tickets_case2_byClass_PASS3_details')">case2()</a>
               </td>
               <td nowrap="true">11:28:14</td>
               <td nowrap="true" align="right">14s
                  
               </td>
               <td nowrap="true">
                   
                  
               </td>
            </tr>
            <tr>
               <td colspan="4"
                   style="padding: 0; background-color: white; border-style: none; height: 0px;">
                  <div id="TestCases.Tourists_Purchase_Tickets_case2_byClass_PASS3_details"
                       class="testMethodDetails">
                     <div>
                        <b>Name:
                           
                        </b>case2
                     </div>
                     <div>
                        <b>Signature:
                           
                        </b>case2()[pri:0, instance:TestCases.Tourists_Purchase_Tickets@22f71333]
                     </div>
                     <div>
                        <b>Start time:
                           
                        </b>11:28:14
                     </div>
                     <div>
                        <b>End time:
                           
                        </b>11:28:27
                     </div>
                     <div>
                        <b>Duration:
                           
                        </b>14s
                        
                     </div>
                  </div>
               </td>
            </tr>
            <tr></tr>
            <tr id="TestCases.Tourists_Purchase_Tickets_case3_byClass_PASS4_row"
                class="testMethodStatusPASS">
               <td width="100%" class="firstMethodCell">
                  <a onclick="toggleDetailsVisibility('TestCases.Tourists_Purchase_Tickets_case3_byClass_PASS4_details')">case3()</a>
               </td>
               <td nowrap="true">11:28:27</td>
               <td nowrap="true" align="right">4s
                  
               </td>
               <td nowrap="true">
                   
                  
               </td>
            </tr>
            <tr>
               <td colspan="4"
                   style="padding: 0; background-color: white; border-style: none; height: 0px;">
                  <div id="TestCases.Tourists_Purchase_Tickets_case3_byClass_PASS4_details"
                       class="testMethodDetails">
                     <div>
                        <b>Name:
                           
                        </b>case3
                     </div>
                     <div>
                        <b>Signature:
                           
                        </b>case3()[pri:0, instance:TestCases.Tourists_Purchase_Tickets@22f71333]
                     </div>
                     <div>
                        <b>Start time:
                           
                        </b>11:28:27
                     </div>
                     <div>
                        <b>End time:
                           
                        </b>11:28:31
                     </div>
                     <div>
                        <b>Duration:
                           
                        </b>4s
                        
                     </div>
                  </div>
               </td>
            </tr>
            <tr></tr>
            <tr id="TestCases.Tourists_Purchase_Tickets_case4_byClass_FAIL5_row"
                class="testMethodStatusFAIL">
               <td width="100%" class="firstMethodCell">
                  <a onclick="toggleDetailsVisibility('TestCases.Tourists_Purchase_Tickets_case4_byClass_FAIL5_details')">case4()</a>
               </td>
               <td nowrap="true">11:28:31</td>
               <td nowrap="true" align="right">6s
                  
               </td>
               <td nowrap="true">
                  <a onclick="toggleDetailsVisibility('TestCases.Tourists_Purchase_Tickets_case4_byClass_FAIL5_exception')">java.lang.reflect.InvocationTargetException: </a>
                   
                  
               </td>
            </tr>
            <tr>
               <td colspan="4"
                   style="padding: 0; background-color: white; border-style: none; height: 0px;">
                  <div id="TestCases.Tourists_Purchase_Tickets_case4_byClass_FAIL5_details"
                       class="testMethodDetails">
                     <div>
                        <b>Name:
                           
                        </b>case4
                     </div>
                     <div>
                        <b>Signature:
                           
                        </b>case4()[pri:0, instance:TestCases.Tourists_Purchase_Tickets@22f71333]
                     </div>
                     <div>
                        <b>Start time:
                           
                        </b>11:28:31
                     </div>
                     <div>
                        <b>End time:
                           
                        </b>11:28:38
                     </div>
                     <div>
                        <b>Duration:
                           
                        </b>6s
                        
                     </div>
                  </div>
               </td>
            </tr>
            <tr>
               <td colspan="4"
                   style="padding: 0; background-color: white; border-style: none; height: 0px;">
                  <div id="TestCases.Tourists_Purchase_Tickets_case4_byClass_FAIL5_exception"
                       class="testMethodDetails">
                     <pre style="padding: 5px; margin: 0;">java.lang.reflect.InvocationTargetException
                        	at sun.reflect.NativeMethodAccessorImpl.invoke0(Native Method)
                        	at sun.reflect.NativeMethodAccessorImpl.invoke(NativeMethodAccessorImpl.java:62)
                        	at sun.reflect.DelegatingMethodAccessorImpl.invoke(DelegatingMethodAccessorImpl.java:43)
                        	at java.lang.reflect.Method.invoke(Method.java:498)
                        	at com.jmoney.xiyuyou.service.RunUnitService.runCase(RunUnitService.java:85)
                        	at TestCases.Tourists_Purchase_Tickets.case4(Tourists_Purchase_Tickets.java:48)
                        	at sun.reflect.NativeMethodAccessorImpl.invoke0(Native Method)
                        	at sun.reflect.NativeMethodAccessorImpl.invoke(NativeMethodAccessorImpl.java:62)
                        	at sun.reflect.DelegatingMethodAccessorImpl.invoke(DelegatingMethodAccessorImpl.java:43)
                        	at java.lang.reflect.Method.invoke(Method.java:498)
                        	at org.testng.internal.MethodInvocationHelper.invokeMethod(MethodInvocationHelper.java:86)
                        	at org.testng.internal.InvokeMethodRunnable.runOne(InvokeMethodRunnable.java:54)
                        	at org.testng.internal.InvokeMethodRunnable.run(InvokeMethodRunnable.java:44)
                        	at java.util.concurrent.Executors$RunnableAdapter.call(Executors.java:511)
                        	at java.util.concurrent.FutureTask.run(FutureTask.java:266)
                        	at java.util.concurrent.ThreadPoolExecutor.runWorker(ThreadPoolExecutor.java:1142)
                        	at java.util.concurrent.ThreadPoolExecutor$Worker.run(ThreadPoolExecutor.java:617)
                        	at java.lang.Thread.run(Thread.java:745)
                        Caused by: org.openqa.selenium.NoSuchElementException: Unable to locate element: {"method":"xpath","selector":".//*[@id='custom-route']/div[2]/div[2]/div[1]/div[2]/div[9]/button"}
                        Command duration or timeout: 5.46 seconds
                        For documentation on this error, please visit: http://seleniumhq.org/exceptions/no_such_element.html
                        Build info: version: '2.53.0', revision: '35ae25b1534ae328c771e0856c93e187490ca824', time: '2016-03-15 10:43:46'
                        System info: host: 'King', ip: '10.0.0.90', os.name: 'Windows 8.1', os.arch: 'amd64', os.version: '6.3', java.version: '1.8.0_91'
                        Driver info: org.openqa.selenium.firefox.FirefoxDriver
                        Capabilities [{applicationCacheEnabled=true, rotatable=false, handlesAlerts=true, databaseEnabled=true, version=47.0.2, platform=WINDOWS,
                        nativeEvents=false, acceptSslCerts=true, webStorageEnabled=true, locationContextEnabled=true, browserName=firefox, takesScreenshot=true,
                        javascriptEnabled=true, cssSelectorsEnabled=true}]
                        Session ID: f8b47f5b-f2ac-4967-9164-39d126ebca82
                        *** Element info: {Using=xpath, value=.//*[@id='custom-route']/div[2]/div[2]/div[1]/div[2]/div[9]/button}
                        	at sun.reflect.NativeConstructorAccessorImpl.newInstance0(Native Method)
                        	at sun.reflect.NativeConstructorAccessorImpl.newInstance(NativeConstructorAccessorImpl.java:62)
                        	at sun.reflect.DelegatingConstructorAccessorImpl.newInstance(DelegatingConstructorAccessorImpl.java:45)
                        	at java.lang.reflect.Constructor.newInstance(Constructor.java:423)
                        	at org.openqa.selenium.remote.ErrorHandler.createThrowable(ErrorHandler.java:206)
                        	at org.openqa.selenium.remote.ErrorHandler.throwIfResponseFailed(ErrorHandler.java:158)
                        	at org.openqa.selenium.remote.RemoteWebDriver.execute(RemoteWebDriver.java:678)
                        	at org.openqa.selenium.remote.RemoteWebDriver.findElement(RemoteWebDriver.java:363)
                        	at org.openqa.selenium.remote.RemoteWebDriver.findElementByXPath(RemoteWebDriver.java:500)
                        	at org.openqa.selenium.By$ByXPath.findElement(By.java:361)
                        	at org.openqa.selenium.remote.RemoteWebDriver.findElement(RemoteWebDriver.java:355)
                        	at com.jmoney.xiyuyou.util.SeleniumUtil.getElement(SeleniumUtil.java:61)
                        	at com.jmoney.xiyuyou.handler.CheckActionHandler.check(CheckActionHandler.java:32)
                        	... 18 more
                        Caused by: org.openqa.selenium.NoSuchElementException: Unable to locate element: {"method":"xpath","selector":".//*[@id='custom-route']/div[2]/div[2]/div[1]/div[2]/div[9]/button"}
                        For documentation on this error, please visit: http://seleniumhq.org/exceptions/no_such_element.html
                        Build info: version: '2.53.0', revision: '35ae25b1534ae328c771e0856c93e187490ca824', time: '2016-03-15 10:43:46'
                        System info: host: 'King', ip: '10.0.0.90', os.name: 'Windows 8.1', os.arch: 'amd64', os.version: '6.3', java.version: '1.8.0_91'
                        Driver info: driver.version: unknown
                        	at &lt;anonymous class&gt;.FirefoxDriver.prototype.findElementInternal_(file:///C:/Users/King-liu/AppData/Local/Temp/anonymous4995536006693643008webdriver-profile/extensions/fxdriver@googlecode.com/components/driver-component.js:10770)
                        	at &lt;anonymous class&gt;.fxdriver.Timer.prototype.setTimeout/&lt;.notify(file:///C:/Users/King-liu/AppData/Local/Temp/anonymous4995536006693643008webdriver-profile/extensions/fxdriver@googlecode.com/components/driver-component.js:625)
                     </pre>
                  </div>
               </td>
            </tr>
            <tr id="TestCases.Tourists_Purchase_Tickets_case5_byClass_FAIL6_row"
                class="testMethodStatusFAIL">
               <td width="100%" class="firstMethodCell">
                  <a onclick="toggleDetailsVisibility('TestCases.Tourists_Purchase_Tickets_case5_byClass_FAIL6_details')">case5()</a>
               </td>
               <td nowrap="true">11:28:38</td>
               <td nowrap="true" align="right">5s
                  
               </td>
               <td nowrap="true">
                  <a onclick="toggleDetailsVisibility('TestCases.Tourists_Purchase_Tickets_case5_byClass_FAIL6_exception')">java.lang.reflect.InvocationTargetException: </a>
                   
                  
               </td>
            </tr>
            <tr>
               <td colspan="4"
                   style="padding: 0; background-color: white; border-style: none; height: 0px;">
                  <div id="TestCases.Tourists_Purchase_Tickets_case5_byClass_FAIL6_details"
                       class="testMethodDetails">
                     <div>
                        <b>Name:
                           
                        </b>case5
                     </div>
                     <div>
                        <b>Signature:
                           
                        </b>case5()[pri:0, instance:TestCases.Tourists_Purchase_Tickets@22f71333]
                     </div>
                     <div>
                        <b>Start time:
                           
                        </b>11:28:38
                     </div>
                     <div>
                        <b>End time:
                           
                        </b>11:28:43
                     </div>
                     <div>
                        <b>Duration:
                           
                        </b>5s
                        
                     </div>
                  </div>
               </td>
            </tr>
            <tr>
               <td colspan="4"
                   style="padding: 0; background-color: white; border-style: none; height: 0px;">
                  <div id="TestCases.Tourists_Purchase_Tickets_case5_byClass_FAIL6_exception"
                       class="testMethodDetails">
                     <pre style="padding: 5px; margin: 0;">java.lang.reflect.InvocationTargetException
                        	at sun.reflect.NativeMethodAccessorImpl.invoke0(Native Method)
                        	at sun.reflect.NativeMethodAccessorImpl.invoke(NativeMethodAccessorImpl.java:62)
                        	at sun.reflect.DelegatingMethodAccessorImpl.invoke(DelegatingMethodAccessorImpl.java:43)
                        	at java.lang.reflect.Method.invoke(Method.java:498)
                        	at com.jmoney.xiyuyou.service.RunUnitService.runCase(RunUnitService.java:85)
                        	at TestCases.Tourists_Purchase_Tickets.case5(Tourists_Purchase_Tickets.java:54)
                        	at sun.reflect.NativeMethodAccessorImpl.invoke0(Native Method)
                        	at sun.reflect.NativeMethodAccessorImpl.invoke(NativeMethodAccessorImpl.java:62)
                        	at sun.reflect.DelegatingMethodAccessorImpl.invoke(DelegatingMethodAccessorImpl.java:43)
                        	at java.lang.reflect.Method.invoke(Method.java:498)
                        	at org.testng.internal.MethodInvocationHelper.invokeMethod(MethodInvocationHelper.java:86)
                        	at org.testng.internal.InvokeMethodRunnable.runOne(InvokeMethodRunnable.java:54)
                        	at org.testng.internal.InvokeMethodRunnable.run(InvokeMethodRunnable.java:44)
                        	at java.util.concurrent.Executors$RunnableAdapter.call(Executors.java:511)
                        	at java.util.concurrent.FutureTask.run(FutureTask.java:266)
                        	at java.util.concurrent.ThreadPoolExecutor.runWorker(ThreadPoolExecutor.java:1142)
                        	at java.util.concurrent.ThreadPoolExecutor$Worker.run(ThreadPoolExecutor.java:617)
                        	at java.lang.Thread.run(Thread.java:745)
                        Caused by: org.openqa.selenium.NoSuchElementException: Unable to locate element: {"method":"xpath","selector":".//*[@id='custom-route']/div[2]/div[2]/div[1]/div[2]/div[9]/button"}
                        Command duration or timeout: 5.10 seconds
                        For documentation on this error, please visit: http://seleniumhq.org/exceptions/no_such_element.html
                        Build info: version: '2.53.0', revision: '35ae25b1534ae328c771e0856c93e187490ca824', time: '2016-03-15 10:43:46'
                        System info: host: 'King', ip: '10.0.0.90', os.name: 'Windows 8.1', os.arch: 'amd64', os.version: '6.3', java.version: '1.8.0_91'
                        Driver info: org.openqa.selenium.firefox.FirefoxDriver
                        Capabilities [{applicationCacheEnabled=true, rotatable=false, handlesAlerts=true, databaseEnabled=true, version=47.0.2, platform=WINDOWS,
                        nativeEvents=false, acceptSslCerts=true, webStorageEnabled=true, locationContextEnabled=true, browserName=firefox, takesScreenshot=true,
                        javascriptEnabled=true, cssSelectorsEnabled=true}]
                        Session ID: f8b47f5b-f2ac-4967-9164-39d126ebca82
                        *** Element info: {Using=xpath, value=.//*[@id='custom-route']/div[2]/div[2]/div[1]/div[2]/div[9]/button}
                        	at sun.reflect.NativeConstructorAccessorImpl.newInstance0(Native Method)
                        	at sun.reflect.NativeConstructorAccessorImpl.newInstance(NativeConstructorAccessorImpl.java:62)
                        	at sun.reflect.DelegatingConstructorAccessorImpl.newInstance(DelegatingConstructorAccessorImpl.java:45)
                        	at java.lang.reflect.Constructor.newInstance(Constructor.java:423)
                        	at org.openqa.selenium.remote.ErrorHandler.createThrowable(ErrorHandler.java:206)
                        	at org.openqa.selenium.remote.ErrorHandler.throwIfResponseFailed(ErrorHandler.java:158)
                        	at org.openqa.selenium.remote.RemoteWebDriver.execute(RemoteWebDriver.java:678)
                        	at org.openqa.selenium.remote.RemoteWebDriver.findElement(RemoteWebDriver.java:363)
                        	at org.openqa.selenium.remote.RemoteWebDriver.findElementByXPath(RemoteWebDriver.java:500)
                        	at org.openqa.selenium.By$ByXPath.findElement(By.java:361)
                        	at org.openqa.selenium.remote.RemoteWebDriver.findElement(RemoteWebDriver.java:355)
                        	at com.jmoney.xiyuyou.util.SeleniumUtil.getElement(SeleniumUtil.java:61)
                        	at com.jmoney.xiyuyou.handler.ClickActionHandler.click(ClickActionHandler.java:21)
                        	... 18 more
                        Caused by: org.openqa.selenium.NoSuchElementException: Unable to locate element: {"method":"xpath","selector":".//*[@id='custom-route']/div[2]/div[2]/div[1]/div[2]/div[9]/button"}
                        For documentation on this error, please visit: http://seleniumhq.org/exceptions/no_such_element.html
                        Build info: version: '2.53.0', revision: '35ae25b1534ae328c771e0856c93e187490ca824', time: '2016-03-15 10:43:46'
                        System info: host: 'King', ip: '10.0.0.90', os.name: 'Windows 8.1', os.arch: 'amd64', os.version: '6.3', java.version: '1.8.0_91'
                        Driver info: driver.version: unknown
                        	at &lt;anonymous class&gt;.FirefoxDriver.prototype.findElementInternal_(file:///C:/Users/King-liu/AppData/Local/Temp/anonymous4995536006693643008webdriver-profile/extensions/fxdriver@googlecode.com/components/driver-component.js:10770)
                        	at &lt;anonymous class&gt;.fxdriver.Timer.prototype.setTimeout/&lt;.notify(file:///C:/Users/King-liu/AppData/Local/Temp/anonymous4995536006693643008webdriver-profile/extensions/fxdriver@googlecode.com/components/driver-component.js:625)
                     </pre>
                  </div>
               </td>
            </tr>
            <tr id="TestCases.Tourists_Purchase_Tickets_case6_byClass_FAIL7_row"
                class="testMethodStatusFAIL">
               <td width="100%" class="firstMethodCell">
                  <a onclick="toggleDetailsVisibility('TestCases.Tourists_Purchase_Tickets_case6_byClass_FAIL7_details')">case6()</a>
               </td>
               <td nowrap="true">11:28:43</td>
               <td nowrap="true" align="right">5s
                  
               </td>
               <td nowrap="true">
                  <a onclick="toggleDetailsVisibility('TestCases.Tourists_Purchase_Tickets_case6_byClass_FAIL7_exception')">org.openqa.selenium.NoSuchElementException: 
                     Unable to locate element: {"method":"xpath","selector":".//*[@id='message-write']/div[2]/div[3]/div[2]/div/div[1]/input"}
                     Command duration or timeout: 5.09 seconds
                     For documentation on this error, please visit: http://seleniumhq.org/exceptions/no_such_element.html
                     Build info: version: '2.53.0', revision: '35ae25b1534ae328c771e0856c93e187490ca824', time: '2016-03-15 10:43:46'
                     System info: host: 'King', ip: '10.0.0.90', os.name: 'Windows 8.1', os.arch: 'amd64', os.version: '6.3', java.version: '1.8.0_91'
                     Driver info: org.openqa.selenium.firefox.FirefoxDriver
                     Capabilities [{applicationCacheEnabled=true, rotatable=false, handlesAlerts=true, databaseEnabled=true, version=47.0.2, platform=WINDOWS,
                     nativeEvents=false, acceptSslCerts=true, webStorageEnabled=true, locationContextEnabled=true, browserName=firefox, takesScreenshot=true,
                     javascriptEnabled=true, cssSelectorsEnabled=true}]
                     Session ID: f8b47f5b-f2ac-4967-9164-39d126ebca82
                     *** Element info: {Using=xpath, value=.//*[@id='message-write']/div[2]/div[3]/div[2]/div/div[1]/input}
                     
                  </a>
                   
                  
               </td>
            </tr>
            <tr>
               <td colspan="4"
                   style="padding: 0; background-color: white; border-style: none; height: 0px;">
                  <div id="TestCases.Tourists_Purchase_Tickets_case6_byClass_FAIL7_details"
                       class="testMethodDetails">
                     <div>
                        <b>Name:
                           
                        </b>case6
                     </div>
                     <div>
                        <b>Signature:
                           
                        </b>case6()[pri:0, instance:TestCases.Tourists_Purchase_Tickets@22f71333]
                     </div>
                     <div>
                        <b>Start time:
                           
                        </b>11:28:43
                     </div>
                     <div>
                        <b>End time:
                           
                        </b>11:28:48
                     </div>
                     <div>
                        <b>Duration:
                           
                        </b>5s
                        
                     </div>
                  </div>
               </td>
            </tr>
            <tr>
               <td colspan="4"
                   style="padding: 0; background-color: white; border-style: none; height: 0px;">
                  <div id="TestCases.Tourists_Purchase_Tickets_case6_byClass_FAIL7_exception"
                       class="testMethodDetails">
                     <pre style="padding: 5px; margin: 0;">org.openqa.selenium.NoSuchElementException: Unable to locate element: {"method":"xpath","selector":".//*[@id='message-write']/div[2]/div[3]/div[2]/div/div[1]/input"}
                        Command duration or timeout: 5.09 seconds
                        For documentation on this error, please visit: http://seleniumhq.org/exceptions/no_such_element.html
                        Build info: version: '2.53.0', revision: '35ae25b1534ae328c771e0856c93e187490ca824', time: '2016-03-15 10:43:46'
                        System info: host: 'King', ip: '10.0.0.90', os.name: 'Windows 8.1', os.arch: 'amd64', os.version: '6.3', java.version: '1.8.0_91'
                        Driver info: org.openqa.selenium.firefox.FirefoxDriver
                        Capabilities [{applicationCacheEnabled=true, rotatable=false, handlesAlerts=true, databaseEnabled=true, version=47.0.2, platform=WINDOWS,
                        nativeEvents=false, acceptSslCerts=true, webStorageEnabled=true, locationContextEnabled=true, browserName=firefox, takesScreenshot=true,
                        javascriptEnabled=true, cssSelectorsEnabled=true}]
                        Session ID: f8b47f5b-f2ac-4967-9164-39d126ebca82
                        *** Element info: {Using=xpath, value=.//*[@id='message-write']/div[2]/div[3]/div[2]/div/div[1]/input}
                        	at sun.reflect.NativeConstructorAccessorImpl.newInstance0(Native Method)
                        	at sun.reflect.NativeConstructorAccessorImpl.newInstance(NativeConstructorAccessorImpl.java:62)
                        	at sun.reflect.DelegatingConstructorAccessorImpl.newInstance(DelegatingConstructorAccessorImpl.java:45)
                        	at java.lang.reflect.Constructor.newInstance(Constructor.java:423)
                        	at org.openqa.selenium.remote.ErrorHandler.createThrowable(ErrorHandler.java:206)
                        	at org.openqa.selenium.remote.ErrorHandler.throwIfResponseFailed(ErrorHandler.java:158)
                        	at org.openqa.selenium.remote.RemoteWebDriver.execute(RemoteWebDriver.java:678)
                        	at org.openqa.selenium.remote.RemoteWebDriver.findElement(RemoteWebDriver.java:363)
                        	at org.openqa.selenium.remote.RemoteWebDriver.findElementByXPath(RemoteWebDriver.java:500)
                        	at org.openqa.selenium.By$ByXPath.findElement(By.java:361)
                        	at org.openqa.selenium.remote.RemoteWebDriver.findElement(RemoteWebDriver.java:355)
                        	at com.jmoney.xiyuyou.util.SeleniumUtil.getElement(SeleniumUtil.java:61)
                        	at com.jmoney.xiyuyou.base.StepAction$3.run(StepAction.java:48)
                        	at com.jmoney.xiyuyou.service.RunUnitService.runCase(RunUnitService.java:87)
                        	at TestCases.Tourists_Purchase_Tickets.case6(Tourists_Purchase_Tickets.java:60)
                        	at sun.reflect.NativeMethodAccessorImpl.invoke0(Native Method)
                        	at sun.reflect.NativeMethodAccessorImpl.invoke(NativeMethodAccessorImpl.java:62)
                        	at sun.reflect.DelegatingMethodAccessorImpl.invoke(DelegatingMethodAccessorImpl.java:43)
                        	at java.lang.reflect.Method.invoke(Method.java:498)
                        	at org.testng.internal.MethodInvocationHelper.invokeMethod(MethodInvocationHelper.java:86)
                        	at org.testng.internal.InvokeMethodRunnable.runOne(InvokeMethodRunnable.java:54)
                        	at org.testng.internal.InvokeMethodRunnable.run(InvokeMethodRunnable.java:44)
                        	at java.util.concurrent.Executors$RunnableAdapter.call(Executors.java:511)
                        	at java.util.concurrent.FutureTask.run(FutureTask.java:266)
                        	at java.util.concurrent.ThreadPoolExecutor.runWorker(ThreadPoolExecutor.java:1142)
                        	at java.util.concurrent.ThreadPoolExecutor$Worker.run(ThreadPoolExecutor.java:617)
                        	at java.lang.Thread.run(Thread.java:745)
                        Caused by: org.openqa.selenium.NoSuchElementException: Unable to locate element: {"method":"xpath","selector":".//*[@id='message-write']/div[2]/div[3]/div[2]/div/div[1]/input"}
                        For documentation on this error, please visit: http://seleniumhq.org/exceptions/no_such_element.html
                        Build info: version: '2.53.0', revision: '35ae25b1534ae328c771e0856c93e187490ca824', time: '2016-03-15 10:43:46'
                        System info: host: 'King', ip: '10.0.0.90', os.name: 'Windows 8.1', os.arch: 'amd64', os.version: '6.3', java.version: '1.8.0_91'
                        Driver info: driver.version: unknown
                        	at &lt;anonymous class&gt;.FirefoxDriver.prototype.findElementInternal_(file:///C:/Users/King-liu/AppData/Local/Temp/anonymous4995536006693643008webdriver-profile/extensions/fxdriver@googlecode.com/components/driver-component.js:10770)
                        	at &lt;anonymous class&gt;.fxdriver.Timer.prototype.setTimeout/&lt;.notify(file:///C:/Users/King-liu/AppData/Local/Temp/anonymous4995536006693643008webdriver-profile/extensions/fxdriver@googlecode.com/components/driver-component.js:625)
                     </pre>
                  </div>
               </td>
            </tr>
            <tr id="TestCases.Tourists_Purchase_Tickets_case7_byClass_FAIL8_row"
                class="testMethodStatusFAIL">
               <td width="100%" class="firstMethodCell">
                  <a onclick="toggleDetailsVisibility('TestCases.Tourists_Purchase_Tickets_case7_byClass_FAIL8_details')">case7()</a>
               </td>
               <td nowrap="true">11:28:48</td>
               <td nowrap="true" align="right">10s
                  
               </td>
               <td nowrap="true">
                  <a onclick="toggleDetailsVisibility('TestCases.Tourists_Purchase_Tickets_case7_byClass_FAIL8_exception')">org.openqa.selenium.NoSuchElementException: 
                     Unable to locate element: {"method":"xpath","selector":".//*[@id='payment']/div[2]/div[2]/div/div[1]/div[1]/div/p/span[2]"}
                     Command duration or timeout: 10.07 seconds
                     For documentation on this error, please visit: http://seleniumhq.org/exceptions/no_such_element.html
                     Build info: version: '2.53.0', revision: '35ae25b1534ae328c771e0856c93e187490ca824', time: '2016-03-15 10:43:46'
                     System info: host: 'King', ip: '10.0.0.90', os.name: 'Windows 8.1', os.arch: 'amd64', os.version: '6.3', java.version: '1.8.0_91'
                     Driver info: org.openqa.selenium.firefox.FirefoxDriver
                     Capabilities [{applicationCacheEnabled=true, rotatable=false, handlesAlerts=true, databaseEnabled=true, version=47.0.2, platform=WINDOWS,
                     nativeEvents=false, acceptSslCerts=true, webStorageEnabled=true, locationContextEnabled=true, browserName=firefox, takesScreenshot=true,
                     javascriptEnabled=true, cssSelectorsEnabled=true}]
                     Session ID: f8b47f5b-f2ac-4967-9164-39d126ebca82
                     *** Element info: {Using=xpath, value=.//*[@id='payment']/div[2]/div[2]/div/div[1]/div[1]/div/p/span[2]}
                     
                  </a>
                   
                  
               </td>
            </tr>
            <tr>
               <td colspan="4"
                   style="padding: 0; background-color: white; border-style: none; height: 0px;">
                  <div id="TestCases.Tourists_Purchase_Tickets_case7_byClass_FAIL8_details"
                       class="testMethodDetails">
                     <div>
                        <b>Name:
                           
                        </b>case7
                     </div>
                     <div>
                        <b>Signature:
                           
                        </b>case7()[pri:0, instance:TestCases.Tourists_Purchase_Tickets@22f71333]
                     </div>
                     <div>
                        <b>Start time:
                           
                        </b>11:28:48
                     </div>
                     <div>
                        <b>End time:
                           
                        </b>11:28:58
                     </div>
                     <div>
                        <b>Duration:
                           
                        </b>10s
                        
                     </div>
                  </div>
               </td>
            </tr>
            <tr>
               <td colspan="4"
                   style="padding: 0; background-color: white; border-style: none; height: 0px;">
                  <div id="TestCases.Tourists_Purchase_Tickets_case7_byClass_FAIL8_exception"
                       class="testMethodDetails">
                     <pre style="padding: 5px; margin: 0;">org.openqa.selenium.NoSuchElementException: Unable to locate element: {"method":"xpath","selector":".//*[@id='payment']/div[2]/div[2]/div/div[1]/div[1]/div/p/span[2]"}
                        Command duration or timeout: 10.07 seconds
                        For documentation on this error, please visit: http://seleniumhq.org/exceptions/no_such_element.html
                        Build info: version: '2.53.0', revision: '35ae25b1534ae328c771e0856c93e187490ca824', time: '2016-03-15 10:43:46'
                        System info: host: 'King', ip: '10.0.0.90', os.name: 'Windows 8.1', os.arch: 'amd64', os.version: '6.3', java.version: '1.8.0_91'
                        Driver info: org.openqa.selenium.firefox.FirefoxDriver
                        Capabilities [{applicationCacheEnabled=true, rotatable=false, handlesAlerts=true, databaseEnabled=true, version=47.0.2, platform=WINDOWS,
                        nativeEvents=false, acceptSslCerts=true, webStorageEnabled=true, locationContextEnabled=true, browserName=firefox, takesScreenshot=true,
                        javascriptEnabled=true, cssSelectorsEnabled=true}]
                        Session ID: f8b47f5b-f2ac-4967-9164-39d126ebca82
                        *** Element info: {Using=xpath, value=.//*[@id='payment']/div[2]/div[2]/div/div[1]/div[1]/div/p/span[2]}
                        	at sun.reflect.NativeConstructorAccessorImpl.newInstance0(Native Method)
                        	at sun.reflect.NativeConstructorAccessorImpl.newInstance(NativeConstructorAccessorImpl.java:62)
                        	at sun.reflect.DelegatingConstructorAccessorImpl.newInstance(DelegatingConstructorAccessorImpl.java:45)
                        	at java.lang.reflect.Constructor.newInstance(Constructor.java:423)
                        	at org.openqa.selenium.remote.ErrorHandler.createThrowable(ErrorHandler.java:206)
                        	at org.openqa.selenium.remote.ErrorHandler.throwIfResponseFailed(ErrorHandler.java:158)
                        	at org.openqa.selenium.remote.RemoteWebDriver.execute(RemoteWebDriver.java:678)
                        	at org.openqa.selenium.remote.RemoteWebDriver.findElement(RemoteWebDriver.java:363)
                        	at org.openqa.selenium.remote.RemoteWebDriver.findElementByXPath(RemoteWebDriver.java:500)
                        	at org.openqa.selenium.By$ByXPath.findElement(By.java:361)
                        	at org.openqa.selenium.remote.RemoteWebDriver.findElement(RemoteWebDriver.java:355)
                        	at com.jmoney.xiyuyou.util.SeleniumUtil.getElement(SeleniumUtil.java:61)
                        	at com.jmoney.xiyuyou.base.StepAction$2.run(StepAction.java:38)
                        	at com.jmoney.xiyuyou.service.RunUnitService.runCase(RunUnitService.java:87)
                        	at TestCases.Tourists_Purchase_Tickets.case7(Tourists_Purchase_Tickets.java:66)
                        	at sun.reflect.NativeMethodAccessorImpl.invoke0(Native Method)
                        	at sun.reflect.NativeMethodAccessorImpl.invoke(NativeMethodAccessorImpl.java:62)
                        	at sun.reflect.DelegatingMethodAccessorImpl.invoke(DelegatingMethodAccessorImpl.java:43)
                        	at java.lang.reflect.Method.invoke(Method.java:498)
                        	at org.testng.internal.MethodInvocationHelper.invokeMethod(MethodInvocationHelper.java:86)
                        	at org.testng.internal.InvokeMethodRunnable.runOne(InvokeMethodRunnable.java:54)
                        	at org.testng.internal.InvokeMethodRunnable.run(InvokeMethodRunnable.java:44)
                        	at java.util.concurrent.Executors$RunnableAdapter.call(Executors.java:511)
                        	at java.util.concurrent.FutureTask.run(FutureTask.java:266)
                        	at java.util.concurrent.ThreadPoolExecutor.runWorker(ThreadPoolExecutor.java:1142)
                        	at java.util.concurrent.ThreadPoolExecutor$Worker.run(ThreadPoolExecutor.java:617)
                        	at java.lang.Thread.run(Thread.java:745)
                        Caused by: org.openqa.selenium.NoSuchElementException: Unable to locate element: {"method":"xpath","selector":".//*[@id='payment']/div[2]/div[2]/div/div[1]/div[1]/div/p/span[2]"}
                        For documentation on this error, please visit: http://seleniumhq.org/exceptions/no_such_element.html
                        Build info: version: '2.53.0', revision: '35ae25b1534ae328c771e0856c93e187490ca824', time: '2016-03-15 10:43:46'
                        System info: host: 'King', ip: '10.0.0.90', os.name: 'Windows 8.1', os.arch: 'amd64', os.version: '6.3', java.version: '1.8.0_91'
                        Driver info: driver.version: unknown
                        	at &lt;anonymous class&gt;.FirefoxDriver.prototype.findElementInternal_(file:///C:/Users/King-liu/AppData/Local/Temp/anonymous4995536006693643008webdriver-profile/extensions/fxdriver@googlecode.com/components/driver-component.js:10770)
                        	at &lt;anonymous class&gt;.fxdriver.Timer.prototype.setTimeout/&lt;.notify(file:///C:/Users/King-liu/AppData/Local/Temp/anonymous4995536006693643008webdriver-profile/extensions/fxdriver@googlecode.com/components/driver-component.js:625)
                     </pre>
                  </div>
               </td>
            </tr>
            <tr id="TestCases.Tourists_Purchase_Tickets_case8_byClass_FAIL9_row"
                class="testMethodStatusFAIL">
               <td width="100%" class="firstMethodCell">
                  <a onclick="toggleDetailsVisibility('TestCases.Tourists_Purchase_Tickets_case8_byClass_FAIL9_details')">case8()</a>
               </td>
               <td nowrap="true">11:28:58</td>
               <td nowrap="true" align="right">2 ms
                  
               </td>
               <td nowrap="true">
                  <a onclick="toggleDetailsVisibility('TestCases.Tourists_Purchase_Tickets_case8_byClass_FAIL9_exception')">java.lang.reflect.InvocationTargetException: </a>
                   
                  
               </td>
            </tr>
            <tr>
               <td colspan="4"
                   style="padding: 0; background-color: white; border-style: none; height: 0px;">
                  <div id="TestCases.Tourists_Purchase_Tickets_case8_byClass_FAIL9_details"
                       class="testMethodDetails">
                     <div>
                        <b>Name:
                           
                        </b>case8
                     </div>
                     <div>
                        <b>Signature:
                           
                        </b>case8()[pri:0, instance:TestCases.Tourists_Purchase_Tickets@22f71333]
                     </div>
                     <div>
                        <b>Start time:
                           
                        </b>11:28:58
                     </div>
                     <div>
                        <b>End time:
                           
                        </b>11:28:58
                     </div>
                     <div>
                        <b>Duration:
                           
                        </b>2 ms
                        
                     </div>
                  </div>
               </td>
            </tr>
            <tr>
               <td colspan="4"
                   style="padding: 0; background-color: white; border-style: none; height: 0px;">
                  <div id="TestCases.Tourists_Purchase_Tickets_case8_byClass_FAIL9_exception"
                       class="testMethodDetails">
                     <pre style="padding: 5px; margin: 0;">java.lang.reflect.InvocationTargetException
                        	at sun.reflect.NativeMethodAccessorImpl.invoke0(Native Method)
                        	at sun.reflect.NativeMethodAccessorImpl.invoke(NativeMethodAccessorImpl.java:62)
                        	at sun.reflect.DelegatingMethodAccessorImpl.invoke(DelegatingMethodAccessorImpl.java:43)
                        	at java.lang.reflect.Method.invoke(Method.java:498)
                        	at com.jmoney.xiyuyou.service.RunUnitService.runCase(RunUnitService.java:85)
                        	at TestCases.Tourists_Purchase_Tickets.case8(Tourists_Purchase_Tickets.java:72)
                        	at sun.reflect.NativeMethodAccessorImpl.invoke0(Native Method)
                        	at sun.reflect.NativeMethodAccessorImpl.invoke(NativeMethodAccessorImpl.java:62)
                        	at sun.reflect.DelegatingMethodAccessorImpl.invoke(DelegatingMethodAccessorImpl.java:43)
                        	at java.lang.reflect.Method.invoke(Method.java:498)
                        	at org.testng.internal.MethodInvocationHelper.invokeMethod(MethodInvocationHelper.java:86)
                        	at org.testng.internal.InvokeMethodRunnable.runOne(InvokeMethodRunnable.java:54)
                        	at org.testng.internal.InvokeMethodRunnable.run(InvokeMethodRunnable.java:44)
                        	at java.util.concurrent.Executors$RunnableAdapter.call(Executors.java:511)
                        	at java.util.concurrent.FutureTask.run(FutureTask.java:266)
                        	at java.util.concurrent.ThreadPoolExecutor.runWorker(ThreadPoolExecutor.java:1142)
                        	at java.util.concurrent.ThreadPoolExecutor$Worker.run(ThreadPoolExecutor.java:617)
                        	at java.lang.Thread.run(Thread.java:745)
                        Caused by: java.lang.NullPointerException
                        	at com.jmoney.xiyuyou.util.SeleniumUtil.parseStringHasEls(SeleniumUtil.java:110)
                        	at com.jmoney.xiyuyou.handler.HttpRequestHandler.sendPost(HttpRequestHandler.java:39)
                        	... 18 more
                     </pre>
                  </div>
               </td>
            </tr>
            <tr id="TestCases.Tourists_Purchase_Tickets_case9_byClass_FAIL10_row"
                class="testMethodStatusFAIL">
               <td width="100%" class="firstMethodCell">
                  <a onclick="toggleDetailsVisibility('TestCases.Tourists_Purchase_Tickets_case9_byClass_FAIL10_details')">case9()</a>
               </td>
               <td nowrap="true">11:28:58</td>
               <td nowrap="true" align="right">10s
                  
               </td>
               <td nowrap="true">
                  <a onclick="toggleDetailsVisibility('TestCases.Tourists_Purchase_Tickets_case9_byClass_FAIL10_exception')">java.lang.reflect.InvocationTargetException: </a>
                   
                  
               </td>
            </tr>
            <tr>
               <td colspan="4"
                   style="padding: 0; background-color: white; border-style: none; height: 0px;">
                  <div id="TestCases.Tourists_Purchase_Tickets_case9_byClass_FAIL10_details"
                       class="testMethodDetails">
                     <div>
                        <b>Name:
                           
                        </b>case9
                     </div>
                     <div>
                        <b>Signature:
                           
                        </b>case9()[pri:0, instance:TestCases.Tourists_Purchase_Tickets@22f71333]
                     </div>
                     <div>
                        <b>Start time:
                           
                        </b>11:28:58
                     </div>
                     <div>
                        <b>End time:
                           
                        </b>11:29:08
                     </div>
                     <div>
                        <b>Duration:
                           
                        </b>10s
                        
                     </div>
                  </div>
               </td>
            </tr>
            <tr>
               <td colspan="4"
                   style="padding: 0; background-color: white; border-style: none; height: 0px;">
                  <div id="TestCases.Tourists_Purchase_Tickets_case9_byClass_FAIL10_exception"
                       class="testMethodDetails">
                     <pre style="padding: 5px; margin: 0;">java.lang.reflect.InvocationTargetException
                        	at sun.reflect.NativeMethodAccessorImpl.invoke0(Native Method)
                        	at sun.reflect.NativeMethodAccessorImpl.invoke(NativeMethodAccessorImpl.java:62)
                        	at sun.reflect.DelegatingMethodAccessorImpl.invoke(DelegatingMethodAccessorImpl.java:43)
                        	at java.lang.reflect.Method.invoke(Method.java:498)
                        	at com.jmoney.xiyuyou.service.RunUnitService.runCase(RunUnitService.java:85)
                        	at TestCases.Tourists_Purchase_Tickets.case9(Tourists_Purchase_Tickets.java:78)
                        	at sun.reflect.NativeMethodAccessorImpl.invoke0(Native Method)
                        	at sun.reflect.NativeMethodAccessorImpl.invoke(NativeMethodAccessorImpl.java:62)
                        	at sun.reflect.DelegatingMethodAccessorImpl.invoke(DelegatingMethodAccessorImpl.java:43)
                        	at java.lang.reflect.Method.invoke(Method.java:498)
                        	at org.testng.internal.MethodInvocationHelper.invokeMethod(MethodInvocationHelper.java:86)
                        	at org.testng.internal.InvokeMethodRunnable.runOne(InvokeMethodRunnable.java:54)
                        	at org.testng.internal.InvokeMethodRunnable.run(InvokeMethodRunnable.java:44)
                        	at java.util.concurrent.Executors$RunnableAdapter.call(Executors.java:511)
                        	at java.util.concurrent.FutureTask.run(FutureTask.java:266)
                        	at java.util.concurrent.ThreadPoolExecutor.runWorker(ThreadPoolExecutor.java:1142)
                        	at java.util.concurrent.ThreadPoolExecutor$Worker.run(ThreadPoolExecutor.java:617)
                        	at java.lang.Thread.run(Thread.java:745)
                        Caused by: org.openqa.selenium.NoSuchElementException: Unable to locate element: {"method":"xpath","selector":".//*[@id='result']/div[2]/div[2]/div[2]/p[3]/a[2]"}
                        Command duration or timeout: 10.09 seconds
                        For documentation on this error, please visit: http://seleniumhq.org/exceptions/no_such_element.html
                        Build info: version: '2.53.0', revision: '35ae25b1534ae328c771e0856c93e187490ca824', time: '2016-03-15 10:43:46'
                        System info: host: 'King', ip: '10.0.0.90', os.name: 'Windows 8.1', os.arch: 'amd64', os.version: '6.3', java.version: '1.8.0_91'
                        Driver info: org.openqa.selenium.firefox.FirefoxDriver
                        Capabilities [{applicationCacheEnabled=true, rotatable=false, handlesAlerts=true, databaseEnabled=true, version=47.0.2, platform=WINDOWS,
                        nativeEvents=false, acceptSslCerts=true, webStorageEnabled=true, locationContextEnabled=true, browserName=firefox, takesScreenshot=true,
                        javascriptEnabled=true, cssSelectorsEnabled=true}]
                        Session ID: f8b47f5b-f2ac-4967-9164-39d126ebca82
                        *** Element info: {Using=xpath, value=.//*[@id='result']/div[2]/div[2]/div[2]/p[3]/a[2]}
                        	at sun.reflect.NativeConstructorAccessorImpl.newInstance0(Native Method)
                        	at sun.reflect.NativeConstructorAccessorImpl.newInstance(NativeConstructorAccessorImpl.java:62)
                        	at sun.reflect.DelegatingConstructorAccessorImpl.newInstance(DelegatingConstructorAccessorImpl.java:45)
                        	at java.lang.reflect.Constructor.newInstance(Constructor.java:423)
                        	at org.openqa.selenium.remote.ErrorHandler.createThrowable(ErrorHandler.java:206)
                        	at org.openqa.selenium.remote.ErrorHandler.throwIfResponseFailed(ErrorHandler.java:158)
                        	at org.openqa.selenium.remote.RemoteWebDriver.execute(RemoteWebDriver.java:678)
                        	at org.openqa.selenium.remote.RemoteWebDriver.findElement(RemoteWebDriver.java:363)
                        	at org.openqa.selenium.remote.RemoteWebDriver.findElementByXPath(RemoteWebDriver.java:500)
                        	at org.openqa.selenium.By$ByXPath.findElement(By.java:361)
                        	at org.openqa.selenium.remote.RemoteWebDriver.findElement(RemoteWebDriver.java:355)
                        	at com.jmoney.xiyuyou.util.SeleniumUtil.getElement(SeleniumUtil.java:61)
                        	at com.jmoney.xiyuyou.handler.ClickActionHandler.click(ClickActionHandler.java:21)
                        	... 18 more
                        Caused by: org.openqa.selenium.NoSuchElementException: Unable to locate element: {"method":"xpath","selector":".//*[@id='result']/div[2]/div[2]/div[2]/p[3]/a[2]"}
                        For documentation on this error, please visit: http://seleniumhq.org/exceptions/no_such_element.html
                        Build info: version: '2.53.0', revision: '35ae25b1534ae328c771e0856c93e187490ca824', time: '2016-03-15 10:43:46'
                        System info: host: 'King', ip: '10.0.0.90', os.name: 'Windows 8.1', os.arch: 'amd64', os.version: '6.3', java.version: '1.8.0_91'
                        Driver info: driver.version: unknown
                        	at &lt;anonymous class&gt;.FirefoxDriver.prototype.findElementInternal_(file:///C:/Users/King-liu/AppData/Local/Temp/anonymous4995536006693643008webdriver-profile/extensions/fxdriver@googlecode.com/components/driver-component.js:10770)
                        	at &lt;anonymous class&gt;.fxdriver.Timer.prototype.setTimeout/&lt;.notify(file:///C:/Users/King-liu/AppData/Local/Temp/anonymous4995536006693643008webdriver-profile/extensions/fxdriver@googlecode.com/components/driver-component.js:625)
                     </pre>
                  </div>
               </td>
            </tr>
            <tr id="TestCases.Tourists_Purchase_Tickets_case_10_byClass_FAIL11_row"
                class="testMethodStatusFAIL">
               <td width="100%" class="firstMethodCell">
                  <a onclick="toggleDetailsVisibility('TestCases.Tourists_Purchase_Tickets_case_10_byClass_FAIL11_details')">case_10()</a>
               </td>
               <td nowrap="true">11:29:08</td>
               <td nowrap="true" align="right">10s
                  
               </td>
               <td nowrap="true">
                  <a onclick="toggleDetailsVisibility('TestCases.Tourists_Purchase_Tickets_case_10_byClass_FAIL11_exception')">java.lang.reflect.InvocationTargetException: </a>
                   
                  
               </td>
            </tr>
            <tr>
               <td colspan="4"
                   style="padding: 0; background-color: white; border-style: none; height: 0px;">
                  <div id="TestCases.Tourists_Purchase_Tickets_case_10_byClass_FAIL11_details"
                       class="testMethodDetails">
                     <div>
                        <b>Name:
                           
                        </b>case_10
                     </div>
                     <div>
                        <b>Signature:
                           
                        </b>case_10()[pri:0, instance:TestCases.Tourists_Purchase_Tickets@22f71333]
                     </div>
                     <div>
                        <b>Start time:
                           
                        </b>11:29:08
                     </div>
                     <div>
                        <b>End time:
                           
                        </b>11:29:18
                     </div>
                     <div>
                        <b>Duration:
                           
                        </b>10s
                        
                     </div>
                  </div>
               </td>
            </tr>
            <tr>
               <td colspan="4"
                   style="padding: 0; background-color: white; border-style: none; height: 0px;">
                  <div id="TestCases.Tourists_Purchase_Tickets_case_10_byClass_FAIL11_exception"
                       class="testMethodDetails">
                     <pre style="padding: 5px; margin: 0;">java.lang.reflect.InvocationTargetException
                        	at sun.reflect.NativeMethodAccessorImpl.invoke0(Native Method)
                        	at sun.reflect.NativeMethodAccessorImpl.invoke(NativeMethodAccessorImpl.java:62)
                        	at sun.reflect.DelegatingMethodAccessorImpl.invoke(DelegatingMethodAccessorImpl.java:43)
                        	at java.lang.reflect.Method.invoke(Method.java:498)
                        	at com.jmoney.xiyuyou.service.RunUnitService.runCase(RunUnitService.java:85)
                        	at TestCases.Tourists_Purchase_Tickets.case_10(Tourists_Purchase_Tickets.java:84)
                        	at sun.reflect.NativeMethodAccessorImpl.invoke0(Native Method)
                        	at sun.reflect.NativeMethodAccessorImpl.invoke(NativeMethodAccessorImpl.java:62)
                        	at sun.reflect.DelegatingMethodAccessorImpl.invoke(DelegatingMethodAccessorImpl.java:43)
                        	at java.lang.reflect.Method.invoke(Method.java:498)
                        	at org.testng.internal.MethodInvocationHelper.invokeMethod(MethodInvocationHelper.java:86)
                        	at org.testng.internal.InvokeMethodRunnable.runOne(InvokeMethodRunnable.java:54)
                        	at org.testng.internal.InvokeMethodRunnable.run(InvokeMethodRunnable.java:44)
                        	at java.util.concurrent.Executors$RunnableAdapter.call(Executors.java:511)
                        	at java.util.concurrent.FutureTask.run(FutureTask.java:266)
                        	at java.util.concurrent.ThreadPoolExecutor.runWorker(ThreadPoolExecutor.java:1142)
                        	at java.util.concurrent.ThreadPoolExecutor$Worker.run(ThreadPoolExecutor.java:617)
                        	at java.lang.Thread.run(Thread.java:745)
                        Caused by: org.openqa.selenium.NoSuchElementException: Unable to locate element: {"method":"xpath","selector":".//*[@id='order-detail']/div[2]/div[1]/p"}
                        Command duration or timeout: 10.07 seconds
                        For documentation on this error, please visit: http://seleniumhq.org/exceptions/no_such_element.html
                        Build info: version: '2.53.0', revision: '35ae25b1534ae328c771e0856c93e187490ca824', time: '2016-03-15 10:43:46'
                        System info: host: 'King', ip: '10.0.0.90', os.name: 'Windows 8.1', os.arch: 'amd64', os.version: '6.3', java.version: '1.8.0_91'
                        Driver info: org.openqa.selenium.firefox.FirefoxDriver
                        Capabilities [{applicationCacheEnabled=true, rotatable=false, handlesAlerts=true, databaseEnabled=true, version=47.0.2, platform=WINDOWS,
                        nativeEvents=false, acceptSslCerts=true, webStorageEnabled=true, locationContextEnabled=true, browserName=firefox, takesScreenshot=true,
                        javascriptEnabled=true, cssSelectorsEnabled=true}]
                        Session ID: f8b47f5b-f2ac-4967-9164-39d126ebca82
                        *** Element info: {Using=xpath, value=.//*[@id='order-detail']/div[2]/div[1]/p}
                        	at sun.reflect.NativeConstructorAccessorImpl.newInstance0(Native Method)
                        	at sun.reflect.NativeConstructorAccessorImpl.newInstance(NativeConstructorAccessorImpl.java:62)
                        	at sun.reflect.DelegatingConstructorAccessorImpl.newInstance(DelegatingConstructorAccessorImpl.java:45)
                        	at java.lang.reflect.Constructor.newInstance(Constructor.java:423)
                        	at org.openqa.selenium.remote.ErrorHandler.createThrowable(ErrorHandler.java:206)
                        	at org.openqa.selenium.remote.ErrorHandler.throwIfResponseFailed(ErrorHandler.java:158)
                        	at org.openqa.selenium.remote.RemoteWebDriver.execute(RemoteWebDriver.java:678)
                        	at org.openqa.selenium.remote.RemoteWebDriver.findElement(RemoteWebDriver.java:363)
                        	at org.openqa.selenium.remote.RemoteWebDriver.findElementByXPath(RemoteWebDriver.java:500)
                        	at org.openqa.selenium.By$ByXPath.findElement(By.java:361)
                        	at org.openqa.selenium.remote.RemoteWebDriver.findElement(RemoteWebDriver.java:355)
                        	at com.jmoney.xiyuyou.util.SeleniumUtil.getElement(SeleniumUtil.java:61)
                        	at com.jmoney.xiyuyou.handler.CheckActionHandler.check(CheckActionHandler.java:32)
                        	... 18 more
                        Caused by: org.openqa.selenium.NoSuchElementException: Unable to locate element: {"method":"xpath","selector":".//*[@id='order-detail']/div[2]/div[1]/p"}
                        For documentation on this error, please visit: http://seleniumhq.org/exceptions/no_such_element.html
                        Build info: version: '2.53.0', revision: '35ae25b1534ae328c771e0856c93e187490ca824', time: '2016-03-15 10:43:46'
                        System info: host: 'King', ip: '10.0.0.90', os.name: 'Windows 8.1', os.arch: 'amd64', os.version: '6.3', java.version: '1.8.0_91'
                        Driver info: driver.version: unknown
                        	at &lt;anonymous class&gt;.FirefoxDriver.prototype.findElementInternal_(file:///C:/Users/King-liu/AppData/Local/Temp/anonymous4995536006693643008webdriver-profile/extensions/fxdriver@googlecode.com/components/driver-component.js:10770)
                        	at &lt;anonymous class&gt;.fxdriver.Timer.prototype.setTimeout/&lt;.notify(file:///C:/Users/King-liu/AppData/Local/Temp/anonymous4995536006693643008webdriver-profile/extensions/fxdriver@googlecode.com/components/driver-component.js:625)
                     </pre>
                  </div>
               </td>
            </tr>
            <tr id="TestCases.Tourists_Purchase_Tickets_TearDown_byClass_PASS12_row"
                class="testMethodStatusPASS testMethodStatusCONF">
               <td width="100%" class="firstMethodCell">
                  <a onclick="toggleDetailsVisibility('TestCases.Tourists_Purchase_Tickets_TearDown_byClass_PASS12_details')">TearDown()</a>
               </td>
               <td nowrap="true">11:29:18</td>
               <td nowrap="true" align="right">421 ms
                  
               </td>
               <td nowrap="true">
                   
                  
               </td>
            </tr>
            <tr>
               <td colspan="4"
                   style="padding: 0; background-color: white; border-style: none; height: 0px;">
                  <div id="TestCases.Tourists_Purchase_Tickets_TearDown_byClass_PASS12_details"
                       class="testMethodDetails">
                     <div>
                        <b>Name:
                           
                        </b>TearDown
                     </div>
                     <div>
                        <b>Signature:
                           
                        </b>TearDown()[pri:0, instance:TestCases.Tourists_Purchase_Tickets@22f71333]
                     </div>
                     <div>
                        <b>Start time:
                           
                        </b>11:29:18
                     </div>
                     <div>
                        <b>End time:
                           
                        </b>11:29:19
                     </div>
                     <div>
                        <b>Duration:
                           
                        </b>421 ms
                        
                     </div>
                  </div>
               </td>
            </tr>
            <tr></tr>
         </table>
         <br></br>
      </div>
      <div style="margin-top: 15px; color: gray; text-align: center; font-size: 9px;">
         Generated with
         
         <a href="http://code.google.com/p/testng-xslt/" style="color: #8888aa;"
            target="_blank">
            TestNG XSLT
            
         </a>
      </div>
   </body>
</html>