

<!DOCTYPE html>
<html>

<head>
	<meta charset='utf-8' /> 
	<meta name='description' content='' />
	<meta name='robots' content='noodp, noydir' />
	<meta name='viewport' content='width=device-width, initial-scale=1' />

	<link href='https://fonts.googleapis.com/css?family=Source+Sans+Pro:400,600' rel='stylesheet' type='text/css'>
	<link href="https://fonts.googleapis.com/icon?family=Material+Icons" rel="stylesheet">
	
		<link href='https://cdn.rawgit.com/anshooarora/extentreports-java/9fa70d0ed9c34a8ed445ceee3494d3d7de7f8918/dist/css/extent.css' type='text/css' rel='stylesheet' />
	
	<title>旅游项目测试报告</title>

	<style type='text/css'>
		.node.level-1  ul{ display:none;} .node.level-1.active ul{display:block;}
	</style>
</head>
	<body class='extent standard default hide-overflow '>
		<div id='theme-selector' alt='Click to toggle theme. To enable by default, use theme configuration.' title='Click to toggle theme. To enable by default, use theme configuration.'>
			<span><i class='material-icons'>desktop_windows</i></span>
		</div>

<nav>
	<div class="nav-wrapper">
		<a href="#!" class="brand-logo blue darken-3">Extent</a>

		<!-- slideout menu -->
		<ul id='slide-out' class='side-nav fixed hide-on-med-and-down'>
			<li class='waves-effect active'><a href='#!' view='test-view' onclick="configureView(0);chartsView('test');"><i class='material-icons'>dashboard</i></a></li>
						<li class='waves-effect'><a href='#!' view='category-view' onclick="configureView(1)"><i class='material-icons'>label_outline</i></a></li>
			<li class='waves-effect'><a href='#!' view='exception-view' onclick="configureView(2)"><i class='material-icons'>bug_report</i></a></li>
			<li class='waves-effect'><a href='#!' onclick="configureView(-1);chartsView('dashboard');" view='dashboard-view'><i class='material-icons'>track_changes</i></i></a></li>
			<li class='waves-effect'><a href='#!' onclick="configureView(-1)" view='testrunner-logs-view'><i class='material-icons'>note</i></a></li>
		</ul>

		<!-- report name -->
		<span class='report-name'>旅游项目-PC游客端</span>
		
		<!-- report headline -->
		<span class='report-headline'></span>

		<!-- nav-right -->
		<ul id='nav-mobile' class='right hide-on-med-and-down nav-right'>
			<a href='#!'>
				<span class='label suite-start-time'>Apr 16, 2018 11:28:05 AM</span>
			</a>
			<a href='#!'>
				<span class='label'>v3.0.3</span>
			</a>
		</ul>
	</div>
</nav>
		<!-- container -->
		<div class='container'>

<div id='test-view' class='view'>
				
	<section id='controls'>
		<div class='controls grey lighten-4'>
			<!-- test toggle -->
			<div class='chip transparent'>
				<a class='dropdown-button tests-toggle' data-activates='tests-toggle' data-constrainwidth='true' data-beloworigin='true' data-hover='true' href='#'>
					<i class='material-icons'>warning</i> Status
				</a>
				<ul id='tests-toggle' class='dropdown-content'>
											<li status='pass'><a href='#!'>Pass <i class='material-icons green-text'>check_circle</i></a></li>
						<li status='fail'><a href='#!'>Fail <i class='material-icons red-text'>cancel</i></a></li>
					<li class='divider'></li>
					<li status='clear' clear='true'><a href='#!'>Clear Filters <i class='material-icons'>clear</i></a></li>
				</ul>
			</div>
			<!-- test toggle -->

			<!-- category toggle -->
			<div class='chip transparent'>
				<a class='dropdown-button category-toggle' data-activates='category-toggle' data-constrainwidth='false' data-beloworigin='true' data-hover='true' href='#'>
					<i class='material-icons'>local_offer</i> Category
				</a>
				<ul id='category-toggle' class='dropdown-content'>
					<li><a href='#'>旅游项目-PC游客端</a></li>
					<li><a href='#'>用户自动购买门票流程</a></li>
					<li class='divider'></li>
					<li class='clear'><a href='#!' clear='true'>Clear Filters</a></li>
				</ul>
			</div>
			<!-- category toggle -->

			<!-- clear filters -->
			<div class='chip transparent hide'>
				<a class='' id='clear-filters' alt='Clear Filters' title='Clear Filters'>
					<i class='material-icons'>close</i> Clear
				</a>
			</div>
			<!-- clear filters -->

			<!-- enable dashboard -->
			<div id='toggle-test-view-charts' class='chip transparent'>
				<a class='pink-text' id='enable-dashboard' alt='Enable Dashboard' title='Enable Dashboard'>
					<i class='material-icons'>track_changes</i> Dashboard
				</a>
			</div>
			<!-- enable dashboard -->

			<!-- search -->
			<div class='chip transparent' alt='Search Tests' title='Search Tests'>
				<a href="#" class='search-div'>
					<i class='material-icons'>search</i> Search
				</a>

				<div class='input-field left hide'>
					<input id='search-tests' type='text' class='validate browser-default' placeholder='Search Tests...'>
				</div>
				
			</div>
			<!-- search -->
		</div>
	</section>


<div id='test-view-charts' class='subview-full'>
	<div id='charts-row' class='row nm-v nm-h'>
		<div class='col s12 m6 l6 np-h'>
			<div class='card-panel nm-v'>
				<div class='left panel-name'>Tests</div>
				<div class='chart-box'>
					<canvas id='parent-analysis' width='100' height='80'></canvas>
				</div>
				<div class='block text-small'>
					<span><span class='strong'>3</span> test(s) passed</span>
				</div>
				<div class='block text-small'>
					<span class='strong'>7</span> test(s) failed, <span class='strong'>0</span> others
				</div>
			</div>
		</div>
		
		<div class='col s12 m6 l6 np-h'>
			<div class='card-panel nm-v'>
				<div class='left panel-name'>Steps</div>
				<div class='chart-box'>
					<canvas id='child-analysis' width='100' height='80'></canvas>
				</div>
				<div class='block text-small'>
					<span><span class='strong'>3</span> step(s) passed</span>
				</div>
				<div class='block text-small'>
					<span class='strong'>7</span> step(s) failed, <span class='strong'>0</span> others
				</div>
			</div>
		</div>
		
	</div>
</div>

	<div class='subview-left left'>
		
		<div class='view-summary'>
			<h5>Tests</h3>
			<ul id='test-collection' class='test-collection'>
				
				
				<li class='test displayed active has-leaf fail' status='fail' bdd='false' test-id='1'>
					<div class='test-heading'>
						<span class='test-name'>用户自动购买门票流程</span>
						<span class='test-time'>Apr 16, 2018 11:28:05 AM</span>
						<span class='test-status right fail'>fail</span>
					</div>
					<div class='test-content hide'>
<div class='test-time-info'>
	<span class='label start-time'>Apr 16, 2018 11:28:05 AM</span>
	<span class='label end-time'>Apr 16, 2018 11:29:19 AM</span>
	<span class='label time-taken grey lighten-1 white-text'>0h 1m 13s+631ms</span>
</div>
	<div class='test-desc'>Pass: 3 ; Fail: 7 ; Skip: 0 ; </div>
	<div class='test-attributes'>
			<div class='category-list'>
				<span class='category label white-text'>旅游项目-PC游客端</span>
				<span class='category label white-text'>用户自动购买门票流程</span>
			</div>
	</div>
	<ul class='collapsible node-list' data-collapsible='accordion'>
		
				<li class='node level-1 leaf fail' status='fail' test-id='2'>
					<div class='collapsible-header'>
						<div class='node-name'>case4</div>						
						<span class='node-time'>Apr 16, 2018 11:28:31 AM</span>
						<span class='node-duration'>0h 0m 47s+517ms</span>
						<span class='test-status right fail'>fail</span>
					</div>
						<div class='collapsible-body'>
									<div class='category-list right'>
											<span class='category label white-text'>旅游项目-PC游客端</span>
											<span class='category label white-text'>用户自动购买门票流程</span>
									</div>
								<div class='node-steps'>
									<table class='bordered table-results'>
										<thead>
											<tr>
												<th>Status</th>
												<th>Timestamp</th>
												<th>Details</th>
											</tr>
										</thead>
										<tbody>
												<tr class='log' status='fail'>
													<td class='status fail' title='fail' alt='fail'><i class='material-icons'>cancel</i></td>
													<td class='timestamp'>11:29:19 AM</td>
													<td class='step-details'><textarea>java.lang.reflect.InvocationTargetException
	at sun.reflect.NativeMethodAccessorImpl.invoke0(Native Method)
	at sun.reflect.NativeMethodAccessorImpl.invoke(NativeMethodAccessorImpl.java:62)
	at sun.reflect.DelegatingMethodAccessorImpl.invoke(DelegatingMethodAccessorImpl.java:43)
	at java.lang.reflect.Method.invoke(Method.java:498)
	at com.jmoney.xiyuyou.service.RunUnitService.runCase(RunUnitService.java:85)
	at TestCases.Tourists_Purchase_Tickets.case4(Tourists_Purchase_Tickets.java:48)
	at sun.reflect.NativeMethodAccessorImpl.invoke0(Native Method)
	at sun.reflect.NativeMethodAccessorImpl.invoke(NativeMethodAccessorImpl.java:62)
	at sun.reflect.DelegatingMethodAccessorImpl.invoke(DelegatingMethodAccessorImpl.java:43)
	at java.lang.reflect.Method.invoke(Method.java:498)
	at org.testng.internal.MethodInvocationHelper.invokeMethod(MethodInvocationHelper.java:86)
	at org.testng.internal.InvokeMethodRunnable.runOne(InvokeMethodRunnable.java:54)
	at org.testng.internal.InvokeMethodRunnable.run(InvokeMethodRunnable.java:44)
	at java.util.concurrent.Executors$RunnableAdapter.call(Executors.java:511)
	at java.util.concurrent.FutureTask.run(FutureTask.java:266)
	at java.util.concurrent.ThreadPoolExecutor.runWorker(ThreadPoolExecutor.java:1142)
	at java.util.concurrent.ThreadPoolExecutor$Worker.run(ThreadPoolExecutor.java:617)
	at java.lang.Thread.run(Thread.java:745)
Caused by: org.openqa.selenium.NoSuchElementException: Unable to locate element: {"method":"xpath","selector":".//*[@id='custom-route']/div[2]/div[2]/div[1]/div[2]/div[9]/button"}
Command duration or timeout: 5.46 seconds
For documentation on this error, please visit: http://seleniumhq.org/exceptions/no_such_element.html
Build info: version: '2.53.0', revision: '35ae25b1534ae328c771e0856c93e187490ca824', time: '2016-03-15 10:43:46'
System info: host: 'King', ip: '10.0.0.90', os.name: 'Windows 8.1', os.arch: 'amd64', os.version: '6.3', java.version: '1.8.0_91'
Driver info: org.openqa.selenium.firefox.FirefoxDriver
Capabilities [{applicationCacheEnabled=true, rotatable=false, handlesAlerts=true, databaseEnabled=true, version=47.0.2, platform=WINDOWS, nativeEvents=false, acceptSslCerts=true, webStorageEnabled=true, locationContextEnabled=true, browserName=firefox, takesScreenshot=true, javascriptEnabled=true, cssSelectorsEnabled=true}]
Session ID: f8b47f5b-f2ac-4967-9164-39d126ebca82
*** Element info: {Using=xpath, value=.//*[@id='custom-route']/div[2]/div[2]/div[1]/div[2]/div[9]/button}
	at sun.reflect.NativeConstructorAccessorImpl.newInstance0(Native Method)
	at sun.reflect.NativeConstructorAccessorImpl.newInstance(NativeConstructorAccessorImpl.java:62)
	at sun.reflect.DelegatingConstructorAccessorImpl.newInstance(DelegatingConstructorAccessorImpl.java:45)
	at java.lang.reflect.Constructor.newInstance(Constructor.java:423)
	at org.openqa.selenium.remote.ErrorHandler.createThrowable(ErrorHandler.java:206)
	at org.openqa.selenium.remote.ErrorHandler.throwIfResponseFailed(ErrorHandler.java:158)
	at org.openqa.selenium.remote.RemoteWebDriver.execute(RemoteWebDriver.java:678)
	at org.openqa.selenium.remote.RemoteWebDriver.findElement(RemoteWebDriver.java:363)
	at org.openqa.selenium.remote.RemoteWebDriver.findElementByXPath(RemoteWebDriver.java:500)
	at org.openqa.selenium.By$ByXPath.findElement(By.java:361)
	at org.openqa.selenium.remote.RemoteWebDriver.findElement(RemoteWebDriver.java:355)
	at com.jmoney.xiyuyou.util.SeleniumUtil.getElement(SeleniumUtil.java:61)
	at com.jmoney.xiyuyou.handler.CheckActionHandler.check(CheckActionHandler.java:32)
	... 18 more
Caused by: org.openqa.selenium.NoSuchElementException: Unable to locate element: {"method":"xpath","selector":".//*[@id='custom-route']/div[2]/div[2]/div[1]/div[2]/div[9]/button"}
For documentation on this error, please visit: http://seleniumhq.org/exceptions/no_such_element.html
Build info: version: '2.53.0', revision: '35ae25b1534ae328c771e0856c93e187490ca824', time: '2016-03-15 10:43:46'
System info: host: 'King', ip: '10.0.0.90', os.name: 'Windows 8.1', os.arch: 'amd64', os.version: '6.3', java.version: '1.8.0_91'
Driver info: driver.version: unknown
	at <anonymous class>.FirefoxDriver.prototype.findElementInternal_(file:///C:/Users/King-liu/AppData/Local/Temp/anonymous4995536006693643008webdriver-profile/extensions/fxdriver@googlecode.com/components/driver-component.js:10770)
	at <anonymous class>.fxdriver.Timer.prototype.setTimeout/<.notify(file:///C:/Users/King-liu/AppData/Local/Temp/anonymous4995536006693643008webdriver-profile/extensions/fxdriver@googlecode.com/components/driver-component.js:625)
</textarea></td>
												</tr>
										</tbody>
									</table>
										<ul class='screenshots'>
												<li><img data-featherlight='BugScreenshot\case4.png' width='10%' src='' data-src='BugScreenshot\case4.png'></li>
										</ul>
								</div>
						</div>
				</li>
				<li class='node level-1 leaf fail' status='fail' test-id='3'>
					<div class='collapsible-header'>
						<div class='node-name'>case5</div>						
						<span class='node-time'>Apr 16, 2018 11:28:38 AM</span>
						<span class='node-duration'>0h 0m 41s+109ms</span>
						<span class='test-status right fail'>fail</span>
					</div>
						<div class='collapsible-body'>
									<div class='category-list right'>
											<span class='category label white-text'>旅游项目-PC游客端</span>
											<span class='category label white-text'>用户自动购买门票流程</span>
									</div>
								<div class='node-steps'>
									<table class='bordered table-results'>
										<thead>
											<tr>
												<th>Status</th>
												<th>Timestamp</th>
												<th>Details</th>
											</tr>
										</thead>
										<tbody>
												<tr class='log' status='fail'>
													<td class='status fail' title='fail' alt='fail'><i class='material-icons'>cancel</i></td>
													<td class='timestamp'>11:29:19 AM</td>
													<td class='step-details'><textarea>java.lang.reflect.InvocationTargetException
	at sun.reflect.NativeMethodAccessorImpl.invoke0(Native Method)
	at sun.reflect.NativeMethodAccessorImpl.invoke(NativeMethodAccessorImpl.java:62)
	at sun.reflect.DelegatingMethodAccessorImpl.invoke(DelegatingMethodAccessorImpl.java:43)
	at java.lang.reflect.Method.invoke(Method.java:498)
	at com.jmoney.xiyuyou.service.RunUnitService.runCase(RunUnitService.java:85)
	at TestCases.Tourists_Purchase_Tickets.case5(Tourists_Purchase_Tickets.java:54)
	at sun.reflect.NativeMethodAccessorImpl.invoke0(Native Method)
	at sun.reflect.NativeMethodAccessorImpl.invoke(NativeMethodAccessorImpl.java:62)
	at sun.reflect.DelegatingMethodAccessorImpl.invoke(DelegatingMethodAccessorImpl.java:43)
	at java.lang.reflect.Method.invoke(Method.java:498)
	at org.testng.internal.MethodInvocationHelper.invokeMethod(MethodInvocationHelper.java:86)
	at org.testng.internal.InvokeMethodRunnable.runOne(InvokeMethodRunnable.java:54)
	at org.testng.internal.InvokeMethodRunnable.run(InvokeMethodRunnable.java:44)
	at java.util.concurrent.Executors$RunnableAdapter.call(Executors.java:511)
	at java.util.concurrent.FutureTask.run(FutureTask.java:266)
	at java.util.concurrent.ThreadPoolExecutor.runWorker(ThreadPoolExecutor.java:1142)
	at java.util.concurrent.ThreadPoolExecutor$Worker.run(ThreadPoolExecutor.java:617)
	at java.lang.Thread.run(Thread.java:745)
Caused by: org.openqa.selenium.NoSuchElementException: Unable to locate element: {"method":"xpath","selector":".//*[@id='custom-route']/div[2]/div[2]/div[1]/div[2]/div[9]/button"}
Command duration or timeout: 5.10 seconds
For documentation on this error, please visit: http://seleniumhq.org/exceptions/no_such_element.html
Build info: version: '2.53.0', revision: '35ae25b1534ae328c771e0856c93e187490ca824', time: '2016-03-15 10:43:46'
System info: host: 'King', ip: '10.0.0.90', os.name: 'Windows 8.1', os.arch: 'amd64', os.version: '6.3', java.version: '1.8.0_91'
Driver info: org.openqa.selenium.firefox.FirefoxDriver
Capabilities [{applicationCacheEnabled=true, rotatable=false, handlesAlerts=true, databaseEnabled=true, version=47.0.2, platform=WINDOWS, nativeEvents=false, acceptSslCerts=true, webStorageEnabled=true, locationContextEnabled=true, browserName=firefox, takesScreenshot=true, javascriptEnabled=true, cssSelectorsEnabled=true}]
Session ID: f8b47f5b-f2ac-4967-9164-39d126ebca82
*** Element info: {Using=xpath, value=.//*[@id='custom-route']/div[2]/div[2]/div[1]/div[2]/div[9]/button}
	at sun.reflect.NativeConstructorAccessorImpl.newInstance0(Native Method)
	at sun.reflect.NativeConstructorAccessorImpl.newInstance(NativeConstructorAccessorImpl.java:62)
	at sun.reflect.DelegatingConstructorAccessorImpl.newInstance(DelegatingConstructorAccessorImpl.java:45)
	at java.lang.reflect.Constructor.newInstance(Constructor.java:423)
	at org.openqa.selenium.remote.ErrorHandler.createThrowable(ErrorHandler.java:206)
	at org.openqa.selenium.remote.ErrorHandler.throwIfResponseFailed(ErrorHandler.java:158)
	at org.openqa.selenium.remote.RemoteWebDriver.execute(RemoteWebDriver.java:678)
	at org.openqa.selenium.remote.RemoteWebDriver.findElement(RemoteWebDriver.java:363)
	at org.openqa.selenium.remote.RemoteWebDriver.findElementByXPath(RemoteWebDriver.java:500)
	at org.openqa.selenium.By$ByXPath.findElement(By.java:361)
	at org.openqa.selenium.remote.RemoteWebDriver.findElement(RemoteWebDriver.java:355)
	at com.jmoney.xiyuyou.util.SeleniumUtil.getElement(SeleniumUtil.java:61)
	at com.jmoney.xiyuyou.handler.ClickActionHandler.click(ClickActionHandler.java:21)
	... 18 more
Caused by: org.openqa.selenium.NoSuchElementException: Unable to locate element: {"method":"xpath","selector":".//*[@id='custom-route']/div[2]/div[2]/div[1]/div[2]/div[9]/button"}
For documentation on this error, please visit: http://seleniumhq.org/exceptions/no_such_element.html
Build info: version: '2.53.0', revision: '35ae25b1534ae328c771e0856c93e187490ca824', time: '2016-03-15 10:43:46'
System info: host: 'King', ip: '10.0.0.90', os.name: 'Windows 8.1', os.arch: 'amd64', os.version: '6.3', java.version: '1.8.0_91'
Driver info: driver.version: unknown
	at <anonymous class>.FirefoxDriver.prototype.findElementInternal_(file:///C:/Users/King-liu/AppData/Local/Temp/anonymous4995536006693643008webdriver-profile/extensions/fxdriver@googlecode.com/components/driver-component.js:10770)
	at <anonymous class>.fxdriver.Timer.prototype.setTimeout/<.notify(file:///C:/Users/King-liu/AppData/Local/Temp/anonymous4995536006693643008webdriver-profile/extensions/fxdriver@googlecode.com/components/driver-component.js:625)
</textarea></td>
												</tr>
										</tbody>
									</table>
										<ul class='screenshots'>
												<li><img data-featherlight='BugScreenshot\case5.png' width='10%' src='' data-src='BugScreenshot\case5.png'></li>
										</ul>
								</div>
						</div>
				</li>
				<li class='node level-1 leaf fail' status='fail' test-id='4'>
					<div class='collapsible-header'>
						<div class='node-name'>case6</div>						
						<span class='node-time'>Apr 16, 2018 11:28:43 AM</span>
						<span class='node-duration'>0h 0m 36s+7ms</span>
						<span class='test-status right fail'>fail</span>
					</div>
						<div class='collapsible-body'>
									<div class='category-list right'>
											<span class='category label white-text'>旅游项目-PC游客端</span>
											<span class='category label white-text'>用户自动购买门票流程</span>
									</div>
								<div class='node-steps'>
									<table class='bordered table-results'>
										<thead>
											<tr>
												<th>Status</th>
												<th>Timestamp</th>
												<th>Details</th>
											</tr>
										</thead>
										<tbody>
												<tr class='log' status='fail'>
													<td class='status fail' title='fail' alt='fail'><i class='material-icons'>cancel</i></td>
													<td class='timestamp'>11:29:19 AM</td>
													<td class='step-details'><textarea>org.openqa.selenium.NoSuchElementException: Unable to locate element: {"method":"xpath","selector":".//*[@id='message-write']/div[2]/div[3]/div[2]/div/div[1]/input"}
Command duration or timeout: 5.09 seconds
For documentation on this error, please visit: http://seleniumhq.org/exceptions/no_such_element.html
Build info: version: '2.53.0', revision: '35ae25b1534ae328c771e0856c93e187490ca824', time: '2016-03-15 10:43:46'
System info: host: 'King', ip: '10.0.0.90', os.name: 'Windows 8.1', os.arch: 'amd64', os.version: '6.3', java.version: '1.8.0_91'
Driver info: org.openqa.selenium.firefox.FirefoxDriver
Capabilities [{applicationCacheEnabled=true, rotatable=false, handlesAlerts=true, databaseEnabled=true, version=47.0.2, platform=WINDOWS, nativeEvents=false, acceptSslCerts=true, webStorageEnabled=true, locationContextEnabled=true, browserName=firefox, takesScreenshot=true, javascriptEnabled=true, cssSelectorsEnabled=true}]
Session ID: f8b47f5b-f2ac-4967-9164-39d126ebca82
*** Element info: {Using=xpath, value=.//*[@id='message-write']/div[2]/div[3]/div[2]/div/div[1]/input}
	at sun.reflect.NativeConstructorAccessorImpl.newInstance0(Native Method)
	at sun.reflect.NativeConstructorAccessorImpl.newInstance(NativeConstructorAccessorImpl.java:62)
	at sun.reflect.DelegatingConstructorAccessorImpl.newInstance(DelegatingConstructorAccessorImpl.java:45)
	at java.lang.reflect.Constructor.newInstance(Constructor.java:423)
	at org.openqa.selenium.remote.ErrorHandler.createThrowable(ErrorHandler.java:206)
	at org.openqa.selenium.remote.ErrorHandler.throwIfResponseFailed(ErrorHandler.java:158)
	at org.openqa.selenium.remote.RemoteWebDriver.execute(RemoteWebDriver.java:678)
	at org.openqa.selenium.remote.RemoteWebDriver.findElement(RemoteWebDriver.java:363)
	at org.openqa.selenium.remote.RemoteWebDriver.findElementByXPath(RemoteWebDriver.java:500)
	at org.openqa.selenium.By$ByXPath.findElement(By.java:361)
	at org.openqa.selenium.remote.RemoteWebDriver.findElement(RemoteWebDriver.java:355)
	at com.jmoney.xiyuyou.util.SeleniumUtil.getElement(SeleniumUtil.java:61)
	at com.jmoney.xiyuyou.base.StepAction$3.run(StepAction.java:48)
	at com.jmoney.xiyuyou.service.RunUnitService.runCase(RunUnitService.java:87)
	at TestCases.Tourists_Purchase_Tickets.case6(Tourists_Purchase_Tickets.java:60)
	at sun.reflect.NativeMethodAccessorImpl.invoke0(Native Method)
	at sun.reflect.NativeMethodAccessorImpl.invoke(NativeMethodAccessorImpl.java:62)
	at sun.reflect.DelegatingMethodAccessorImpl.invoke(DelegatingMethodAccessorImpl.java:43)
	at java.lang.reflect.Method.invoke(Method.java:498)
	at org.testng.internal.MethodInvocationHelper.invokeMethod(MethodInvocationHelper.java:86)
	at org.testng.internal.InvokeMethodRunnable.runOne(InvokeMethodRunnable.java:54)
	at org.testng.internal.InvokeMethodRunnable.run(InvokeMethodRunnable.java:44)
	at java.util.concurrent.Executors$RunnableAdapter.call(Executors.java:511)
	at java.util.concurrent.FutureTask.run(FutureTask.java:266)
	at java.util.concurrent.ThreadPoolExecutor.runWorker(ThreadPoolExecutor.java:1142)
	at java.util.concurrent.ThreadPoolExecutor$Worker.run(ThreadPoolExecutor.java:617)
	at java.lang.Thread.run(Thread.java:745)
Caused by: org.openqa.selenium.NoSuchElementException: Unable to locate element: {"method":"xpath","selector":".//*[@id='message-write']/div[2]/div[3]/div[2]/div/div[1]/input"}
For documentation on this error, please visit: http://seleniumhq.org/exceptions/no_such_element.html
Build info: version: '2.53.0', revision: '35ae25b1534ae328c771e0856c93e187490ca824', time: '2016-03-15 10:43:46'
System info: host: 'King', ip: '10.0.0.90', os.name: 'Windows 8.1', os.arch: 'amd64', os.version: '6.3', java.version: '1.8.0_91'
Driver info: driver.version: unknown
	at <anonymous class>.FirefoxDriver.prototype.findElementInternal_(file:///C:/Users/King-liu/AppData/Local/Temp/anonymous4995536006693643008webdriver-profile/extensions/fxdriver@googlecode.com/components/driver-component.js:10770)
	at <anonymous class>.fxdriver.Timer.prototype.setTimeout/<.notify(file:///C:/Users/King-liu/AppData/Local/Temp/anonymous4995536006693643008webdriver-profile/extensions/fxdriver@googlecode.com/components/driver-component.js:625)
</textarea></td>
												</tr>
										</tbody>
									</table>
										<ul class='screenshots'>
												<li><img data-featherlight='BugScreenshot\case6.png' width='10%' src='' data-src='BugScreenshot\case6.png'></li>
										</ul>
								</div>
						</div>
				</li>
				<li class='node level-1 leaf fail' status='fail' test-id='5'>
					<div class='collapsible-header'>
						<div class='node-name'>case7</div>						
						<span class='node-time'>Apr 16, 2018 11:28:48 AM</span>
						<span class='node-duration'>0h 0m 30s+914ms</span>
						<span class='test-status right fail'>fail</span>
					</div>
						<div class='collapsible-body'>
									<div class='category-list right'>
											<span class='category label white-text'>旅游项目-PC游客端</span>
											<span class='category label white-text'>用户自动购买门票流程</span>
									</div>
								<div class='node-steps'>
									<table class='bordered table-results'>
										<thead>
											<tr>
												<th>Status</th>
												<th>Timestamp</th>
												<th>Details</th>
											</tr>
										</thead>
										<tbody>
												<tr class='log' status='fail'>
													<td class='status fail' title='fail' alt='fail'><i class='material-icons'>cancel</i></td>
													<td class='timestamp'>11:29:19 AM</td>
													<td class='step-details'><textarea>org.openqa.selenium.NoSuchElementException: Unable to locate element: {"method":"xpath","selector":".//*[@id='payment']/div[2]/div[2]/div/div[1]/div[1]/div/p/span[2]"}
Command duration or timeout: 10.07 seconds
For documentation on this error, please visit: http://seleniumhq.org/exceptions/no_such_element.html
Build info: version: '2.53.0', revision: '35ae25b1534ae328c771e0856c93e187490ca824', time: '2016-03-15 10:43:46'
System info: host: 'King', ip: '10.0.0.90', os.name: 'Windows 8.1', os.arch: 'amd64', os.version: '6.3', java.version: '1.8.0_91'
Driver info: org.openqa.selenium.firefox.FirefoxDriver
Capabilities [{applicationCacheEnabled=true, rotatable=false, handlesAlerts=true, databaseEnabled=true, version=47.0.2, platform=WINDOWS, nativeEvents=false, acceptSslCerts=true, webStorageEnabled=true, locationContextEnabled=true, browserName=firefox, takesScreenshot=true, javascriptEnabled=true, cssSelectorsEnabled=true}]
Session ID: f8b47f5b-f2ac-4967-9164-39d126ebca82
*** Element info: {Using=xpath, value=.//*[@id='payment']/div[2]/div[2]/div/div[1]/div[1]/div/p/span[2]}
	at sun.reflect.NativeConstructorAccessorImpl.newInstance0(Native Method)
	at sun.reflect.NativeConstructorAccessorImpl.newInstance(NativeConstructorAccessorImpl.java:62)
	at sun.reflect.DelegatingConstructorAccessorImpl.newInstance(DelegatingConstructorAccessorImpl.java:45)
	at java.lang.reflect.Constructor.newInstance(Constructor.java:423)
	at org.openqa.selenium.remote.ErrorHandler.createThrowable(ErrorHandler.java:206)
	at org.openqa.selenium.remote.ErrorHandler.throwIfResponseFailed(ErrorHandler.java:158)
	at org.openqa.selenium.remote.RemoteWebDriver.execute(RemoteWebDriver.java:678)
	at org.openqa.selenium.remote.RemoteWebDriver.findElement(RemoteWebDriver.java:363)
	at org.openqa.selenium.remote.RemoteWebDriver.findElementByXPath(RemoteWebDriver.java:500)
	at org.openqa.selenium.By$ByXPath.findElement(By.java:361)
	at org.openqa.selenium.remote.RemoteWebDriver.findElement(RemoteWebDriver.java:355)
	at com.jmoney.xiyuyou.util.SeleniumUtil.getElement(SeleniumUtil.java:61)
	at com.jmoney.xiyuyou.base.StepAction$2.run(StepAction.java:38)
	at com.jmoney.xiyuyou.service.RunUnitService.runCase(RunUnitService.java:87)
	at TestCases.Tourists_Purchase_Tickets.case7(Tourists_Purchase_Tickets.java:66)
	at sun.reflect.NativeMethodAccessorImpl.invoke0(Native Method)
	at sun.reflect.NativeMethodAccessorImpl.invoke(NativeMethodAccessorImpl.java:62)
	at sun.reflect.DelegatingMethodAccessorImpl.invoke(DelegatingMethodAccessorImpl.java:43)
	at java.lang.reflect.Method.invoke(Method.java:498)
	at org.testng.internal.MethodInvocationHelper.invokeMethod(MethodInvocationHelper.java:86)
	at org.testng.internal.InvokeMethodRunnable.runOne(InvokeMethodRunnable.java:54)
	at org.testng.internal.InvokeMethodRunnable.run(InvokeMethodRunnable.java:44)
	at java.util.concurrent.Executors$RunnableAdapter.call(Executors.java:511)
	at java.util.concurrent.FutureTask.run(FutureTask.java:266)
	at java.util.concurrent.ThreadPoolExecutor.runWorker(ThreadPoolExecutor.java:1142)
	at java.util.concurrent.ThreadPoolExecutor$Worker.run(ThreadPoolExecutor.java:617)
	at java.lang.Thread.run(Thread.java:745)
Caused by: org.openqa.selenium.NoSuchElementException: Unable to locate element: {"method":"xpath","selector":".//*[@id='payment']/div[2]/div[2]/div/div[1]/div[1]/div/p/span[2]"}
For documentation on this error, please visit: http://seleniumhq.org/exceptions/no_such_element.html
Build info: version: '2.53.0', revision: '35ae25b1534ae328c771e0856c93e187490ca824', time: '2016-03-15 10:43:46'
System info: host: 'King', ip: '10.0.0.90', os.name: 'Windows 8.1', os.arch: 'amd64', os.version: '6.3', java.version: '1.8.0_91'
Driver info: driver.version: unknown
	at <anonymous class>.FirefoxDriver.prototype.findElementInternal_(file:///C:/Users/King-liu/AppData/Local/Temp/anonymous4995536006693643008webdriver-profile/extensions/fxdriver@googlecode.com/components/driver-component.js:10770)
	at <anonymous class>.fxdriver.Timer.prototype.setTimeout/<.notify(file:///C:/Users/King-liu/AppData/Local/Temp/anonymous4995536006693643008webdriver-profile/extensions/fxdriver@googlecode.com/components/driver-component.js:625)
</textarea></td>
												</tr>
										</tbody>
									</table>
										<ul class='screenshots'>
												<li><img data-featherlight='BugScreenshot\case7.png' width='10%' src='' data-src='BugScreenshot\case7.png'></li>
										</ul>
								</div>
						</div>
				</li>
				<li class='node level-1 leaf fail' status='fail' test-id='6'>
					<div class='collapsible-header'>
						<div class='node-name'>case8</div>						
						<span class='node-time'>Apr 16, 2018 11:28:58 AM</span>
						<span class='node-duration'>0h 0m 20s+822ms</span>
						<span class='test-status right fail'>fail</span>
					</div>
						<div class='collapsible-body'>
									<div class='category-list right'>
											<span class='category label white-text'>旅游项目-PC游客端</span>
											<span class='category label white-text'>用户自动购买门票流程</span>
									</div>
								<div class='node-steps'>
									<table class='bordered table-results'>
										<thead>
											<tr>
												<th>Status</th>
												<th>Timestamp</th>
												<th>Details</th>
											</tr>
										</thead>
										<tbody>
												<tr class='log' status='fail'>
													<td class='status fail' title='fail' alt='fail'><i class='material-icons'>cancel</i></td>
													<td class='timestamp'>11:29:19 AM</td>
													<td class='step-details'><pre>java.lang.reflect.InvocationTargetException
	at sun.reflect.NativeMethodAccessorImpl.invoke0(Native Method)
	at sun.reflect.NativeMethodAccessorImpl.invoke(NativeMethodAccessorImpl.java:62)
	at sun.reflect.DelegatingMethodAccessorImpl.invoke(DelegatingMethodAccessorImpl.java:43)
	at java.lang.reflect.Method.invoke(Method.java:498)
	at com.jmoney.xiyuyou.service.RunUnitService.runCase(RunUnitService.java:85)
	at TestCases.Tourists_Purchase_Tickets.case8(Tourists_Purchase_Tickets.java:72)
	at sun.reflect.NativeMethodAccessorImpl.invoke0(Native Method)
	at sun.reflect.NativeMethodAccessorImpl.invoke(NativeMethodAccessorImpl.java:62)
	at sun.reflect.DelegatingMethodAccessorImpl.invoke(DelegatingMethodAccessorImpl.java:43)
	at java.lang.reflect.Method.invoke(Method.java:498)
	at org.testng.internal.MethodInvocationHelper.invokeMethod(MethodInvocationHelper.java:86)
	at org.testng.internal.InvokeMethodRunnable.runOne(InvokeMethodRunnable.java:54)
	at org.testng.internal.InvokeMethodRunnable.run(InvokeMethodRunnable.java:44)
	at java.util.concurrent.Executors$RunnableAdapter.call(Executors.java:511)
	at java.util.concurrent.FutureTask.run(FutureTask.java:266)
	at java.util.concurrent.ThreadPoolExecutor.runWorker(ThreadPoolExecutor.java:1142)
	at java.util.concurrent.ThreadPoolExecutor$Worker.run(ThreadPoolExecutor.java:617)
	at java.lang.Thread.run(Thread.java:745)
Caused by: java.lang.NullPointerException
	at com.jmoney.xiyuyou.util.SeleniumUtil.parseStringHasEls(SeleniumUtil.java:110)
	at com.jmoney.xiyuyou.handler.HttpRequestHandler.sendPost(HttpRequestHandler.java:39)
	... 18 more
</pre></td>
												</tr>
										</tbody>
									</table>
										<ul class='screenshots'>
												<li><img data-featherlight='BugScreenshot\case8.png' width='10%' src='' data-src='BugScreenshot\case8.png'></li>
										</ul>
								</div>
						</div>
				</li>
				<li class='node level-1 leaf fail' status='fail' test-id='7'>
					<div class='collapsible-header'>
						<div class='node-name'>case9</div>						
						<span class='node-time'>Apr 16, 2018 11:28:58 AM</span>
						<span class='node-duration'>0h 0m 20s+822ms</span>
						<span class='test-status right fail'>fail</span>
					</div>
						<div class='collapsible-body'>
									<div class='category-list right'>
											<span class='category label white-text'>旅游项目-PC游客端</span>
											<span class='category label white-text'>用户自动购买门票流程</span>
									</div>
								<div class='node-steps'>
									<table class='bordered table-results'>
										<thead>
											<tr>
												<th>Status</th>
												<th>Timestamp</th>
												<th>Details</th>
											</tr>
										</thead>
										<tbody>
												<tr class='log' status='fail'>
													<td class='status fail' title='fail' alt='fail'><i class='material-icons'>cancel</i></td>
													<td class='timestamp'>11:29:19 AM</td>
													<td class='step-details'><textarea>java.lang.reflect.InvocationTargetException
	at sun.reflect.NativeMethodAccessorImpl.invoke0(Native Method)
	at sun.reflect.NativeMethodAccessorImpl.invoke(NativeMethodAccessorImpl.java:62)
	at sun.reflect.DelegatingMethodAccessorImpl.invoke(DelegatingMethodAccessorImpl.java:43)
	at java.lang.reflect.Method.invoke(Method.java:498)
	at com.jmoney.xiyuyou.service.RunUnitService.runCase(RunUnitService.java:85)
	at TestCases.Tourists_Purchase_Tickets.case9(Tourists_Purchase_Tickets.java:78)
	at sun.reflect.NativeMethodAccessorImpl.invoke0(Native Method)
	at sun.reflect.NativeMethodAccessorImpl.invoke(NativeMethodAccessorImpl.java:62)
	at sun.reflect.DelegatingMethodAccessorImpl.invoke(DelegatingMethodAccessorImpl.java:43)
	at java.lang.reflect.Method.invoke(Method.java:498)
	at org.testng.internal.MethodInvocationHelper.invokeMethod(MethodInvocationHelper.java:86)
	at org.testng.internal.InvokeMethodRunnable.runOne(InvokeMethodRunnable.java:54)
	at org.testng.internal.InvokeMethodRunnable.run(InvokeMethodRunnable.java:44)
	at java.util.concurrent.Executors$RunnableAdapter.call(Executors.java:511)
	at java.util.concurrent.FutureTask.run(FutureTask.java:266)
	at java.util.concurrent.ThreadPoolExecutor.runWorker(ThreadPoolExecutor.java:1142)
	at java.util.concurrent.ThreadPoolExecutor$Worker.run(ThreadPoolExecutor.java:617)
	at java.lang.Thread.run(Thread.java:745)
Caused by: org.openqa.selenium.NoSuchElementException: Unable to locate element: {"method":"xpath","selector":".//*[@id='result']/div[2]/div[2]/div[2]/p[3]/a[2]"}
Command duration or timeout: 10.09 seconds
For documentation on this error, please visit: http://seleniumhq.org/exceptions/no_such_element.html
Build info: version: '2.53.0', revision: '35ae25b1534ae328c771e0856c93e187490ca824', time: '2016-03-15 10:43:46'
System info: host: 'King', ip: '10.0.0.90', os.name: 'Windows 8.1', os.arch: 'amd64', os.version: '6.3', java.version: '1.8.0_91'
Driver info: org.openqa.selenium.firefox.FirefoxDriver
Capabilities [{applicationCacheEnabled=true, rotatable=false, handlesAlerts=true, databaseEnabled=true, version=47.0.2, platform=WINDOWS, nativeEvents=false, acceptSslCerts=true, webStorageEnabled=true, locationContextEnabled=true, browserName=firefox, takesScreenshot=true, javascriptEnabled=true, cssSelectorsEnabled=true}]
Session ID: f8b47f5b-f2ac-4967-9164-39d126ebca82
*** Element info: {Using=xpath, value=.//*[@id='result']/div[2]/div[2]/div[2]/p[3]/a[2]}
	at sun.reflect.NativeConstructorAccessorImpl.newInstance0(Native Method)
	at sun.reflect.NativeConstructorAccessorImpl.newInstance(NativeConstructorAccessorImpl.java:62)
	at sun.reflect.DelegatingConstructorAccessorImpl.newInstance(DelegatingConstructorAccessorImpl.java:45)
	at java.lang.reflect.Constructor.newInstance(Constructor.java:423)
	at org.openqa.selenium.remote.ErrorHandler.createThrowable(ErrorHandler.java:206)
	at org.openqa.selenium.remote.ErrorHandler.throwIfResponseFailed(ErrorHandler.java:158)
	at org.openqa.selenium.remote.RemoteWebDriver.execute(RemoteWebDriver.java:678)
	at org.openqa.selenium.remote.RemoteWebDriver.findElement(RemoteWebDriver.java:363)
	at org.openqa.selenium.remote.RemoteWebDriver.findElementByXPath(RemoteWebDriver.java:500)
	at org.openqa.selenium.By$ByXPath.findElement(By.java:361)
	at org.openqa.selenium.remote.RemoteWebDriver.findElement(RemoteWebDriver.java:355)
	at com.jmoney.xiyuyou.util.SeleniumUtil.getElement(SeleniumUtil.java:61)
	at com.jmoney.xiyuyou.handler.ClickActionHandler.click(ClickActionHandler.java:21)
	... 18 more
Caused by: org.openqa.selenium.NoSuchElementException: Unable to locate element: {"method":"xpath","selector":".//*[@id='result']/div[2]/div[2]/div[2]/p[3]/a[2]"}
For documentation on this error, please visit: http://seleniumhq.org/exceptions/no_such_element.html
Build info: version: '2.53.0', revision: '35ae25b1534ae328c771e0856c93e187490ca824', time: '2016-03-15 10:43:46'
System info: host: 'King', ip: '10.0.0.90', os.name: 'Windows 8.1', os.arch: 'amd64', os.version: '6.3', java.version: '1.8.0_91'
Driver info: driver.version: unknown
	at <anonymous class>.FirefoxDriver.prototype.findElementInternal_(file:///C:/Users/King-liu/AppData/Local/Temp/anonymous4995536006693643008webdriver-profile/extensions/fxdriver@googlecode.com/components/driver-component.js:10770)
	at <anonymous class>.fxdriver.Timer.prototype.setTimeout/<.notify(file:///C:/Users/King-liu/AppData/Local/Temp/anonymous4995536006693643008webdriver-profile/extensions/fxdriver@googlecode.com/components/driver-component.js:625)
</textarea></td>
												</tr>
										</tbody>
									</table>
										<ul class='screenshots'>
												<li><img data-featherlight='BugScreenshot\case9.png' width='10%' src='' data-src='BugScreenshot\case9.png'></li>
										</ul>
								</div>
						</div>
				</li>
				<li class='node level-1 leaf fail' status='fail' test-id='8'>
					<div class='collapsible-header'>
						<div class='node-name'>case_10</div>						
						<span class='node-time'>Apr 16, 2018 11:29:08 AM</span>
						<span class='node-duration'>0h 0m 10s+738ms</span>
						<span class='test-status right fail'>fail</span>
					</div>
						<div class='collapsible-body'>
									<div class='category-list right'>
											<span class='category label white-text'>旅游项目-PC游客端</span>
											<span class='category label white-text'>用户自动购买门票流程</span>
									</div>
								<div class='node-steps'>
									<table class='bordered table-results'>
										<thead>
											<tr>
												<th>Status</th>
												<th>Timestamp</th>
												<th>Details</th>
											</tr>
										</thead>
										<tbody>
												<tr class='log' status='fail'>
													<td class='status fail' title='fail' alt='fail'><i class='material-icons'>cancel</i></td>
													<td class='timestamp'>11:29:19 AM</td>
													<td class='step-details'><textarea>java.lang.reflect.InvocationTargetException
	at sun.reflect.NativeMethodAccessorImpl.invoke0(Native Method)
	at sun.reflect.NativeMethodAccessorImpl.invoke(NativeMethodAccessorImpl.java:62)
	at sun.reflect.DelegatingMethodAccessorImpl.invoke(DelegatingMethodAccessorImpl.java:43)
	at java.lang.reflect.Method.invoke(Method.java:498)
	at com.jmoney.xiyuyou.service.RunUnitService.runCase(RunUnitService.java:85)
	at TestCases.Tourists_Purchase_Tickets.case_10(Tourists_Purchase_Tickets.java:84)
	at sun.reflect.NativeMethodAccessorImpl.invoke0(Native Method)
	at sun.reflect.NativeMethodAccessorImpl.invoke(NativeMethodAccessorImpl.java:62)
	at sun.reflect.DelegatingMethodAccessorImpl.invoke(DelegatingMethodAccessorImpl.java:43)
	at java.lang.reflect.Method.invoke(Method.java:498)
	at org.testng.internal.MethodInvocationHelper.invokeMethod(MethodInvocationHelper.java:86)
	at org.testng.internal.InvokeMethodRunnable.runOne(InvokeMethodRunnable.java:54)
	at org.testng.internal.InvokeMethodRunnable.run(InvokeMethodRunnable.java:44)
	at java.util.concurrent.Executors$RunnableAdapter.call(Executors.java:511)
	at java.util.concurrent.FutureTask.run(FutureTask.java:266)
	at java.util.concurrent.ThreadPoolExecutor.runWorker(ThreadPoolExecutor.java:1142)
	at java.util.concurrent.ThreadPoolExecutor$Worker.run(ThreadPoolExecutor.java:617)
	at java.lang.Thread.run(Thread.java:745)
Caused by: org.openqa.selenium.NoSuchElementException: Unable to locate element: {"method":"xpath","selector":".//*[@id='order-detail']/div[2]/div[1]/p"}
Command duration or timeout: 10.07 seconds
For documentation on this error, please visit: http://seleniumhq.org/exceptions/no_such_element.html
Build info: version: '2.53.0', revision: '35ae25b1534ae328c771e0856c93e187490ca824', time: '2016-03-15 10:43:46'
System info: host: 'King', ip: '10.0.0.90', os.name: 'Windows 8.1', os.arch: 'amd64', os.version: '6.3', java.version: '1.8.0_91'
Driver info: org.openqa.selenium.firefox.FirefoxDriver
Capabilities [{applicationCacheEnabled=true, rotatable=false, handlesAlerts=true, databaseEnabled=true, version=47.0.2, platform=WINDOWS, nativeEvents=false, acceptSslCerts=true, webStorageEnabled=true, locationContextEnabled=true, browserName=firefox, takesScreenshot=true, javascriptEnabled=true, cssSelectorsEnabled=true}]
Session ID: f8b47f5b-f2ac-4967-9164-39d126ebca82
*** Element info: {Using=xpath, value=.//*[@id='order-detail']/div[2]/div[1]/p}
	at sun.reflect.NativeConstructorAccessorImpl.newInstance0(Native Method)
	at sun.reflect.NativeConstructorAccessorImpl.newInstance(NativeConstructorAccessorImpl.java:62)
	at sun.reflect.DelegatingConstructorAccessorImpl.newInstance(DelegatingConstructorAccessorImpl.java:45)
	at java.lang.reflect.Constructor.newInstance(Constructor.java:423)
	at org.openqa.selenium.remote.ErrorHandler.createThrowable(ErrorHandler.java:206)
	at org.openqa.selenium.remote.ErrorHandler.throwIfResponseFailed(ErrorHandler.java:158)
	at org.openqa.selenium.remote.RemoteWebDriver.execute(RemoteWebDriver.java:678)
	at org.openqa.selenium.remote.RemoteWebDriver.findElement(RemoteWebDriver.java:363)
	at org.openqa.selenium.remote.RemoteWebDriver.findElementByXPath(RemoteWebDriver.java:500)
	at org.openqa.selenium.By$ByXPath.findElement(By.java:361)
	at org.openqa.selenium.remote.RemoteWebDriver.findElement(RemoteWebDriver.java:355)
	at com.jmoney.xiyuyou.util.SeleniumUtil.getElement(SeleniumUtil.java:61)
	at com.jmoney.xiyuyou.handler.CheckActionHandler.check(CheckActionHandler.java:32)
	... 18 more
Caused by: org.openqa.selenium.NoSuchElementException: Unable to locate element: {"method":"xpath","selector":".//*[@id='order-detail']/div[2]/div[1]/p"}
For documentation on this error, please visit: http://seleniumhq.org/exceptions/no_such_element.html
Build info: version: '2.53.0', revision: '35ae25b1534ae328c771e0856c93e187490ca824', time: '2016-03-15 10:43:46'
System info: host: 'King', ip: '10.0.0.90', os.name: 'Windows 8.1', os.arch: 'amd64', os.version: '6.3', java.version: '1.8.0_91'
Driver info: driver.version: unknown
	at <anonymous class>.FirefoxDriver.prototype.findElementInternal_(file:///C:/Users/King-liu/AppData/Local/Temp/anonymous4995536006693643008webdriver-profile/extensions/fxdriver@googlecode.com/components/driver-component.js:10770)
	at <anonymous class>.fxdriver.Timer.prototype.setTimeout/<.notify(file:///C:/Users/King-liu/AppData/Local/Temp/anonymous4995536006693643008webdriver-profile/extensions/fxdriver@googlecode.com/components/driver-component.js:625)
</textarea></td>
												</tr>
										</tbody>
									</table>
										<ul class='screenshots'>
												<li><img data-featherlight='BugScreenshot\case_10.png' width='10%' src='' data-src='BugScreenshot\case_10.png'></li>
										</ul>
								</div>
						</div>
				</li>
				<li class='node level-1 leaf pass' status='pass' test-id='9'>
					<div class='collapsible-header'>
						<div class='node-name'>case1</div>						
						<span class='node-time'>Apr 16, 2018 11:28:09 AM</span>
						<span class='node-duration'>0h 1m 9s+978ms</span>
						<span class='test-status right pass'>pass</span>
					</div>
						<div class='collapsible-body'>
									<div class='category-list right'>
											<span class='category label white-text'>旅游项目-PC游客端</span>
											<span class='category label white-text'>用户自动购买门票流程</span>
									</div>
								<div class='node-steps'>
									<table class='bordered table-results'>
										<thead>
											<tr>
												<th>Status</th>
												<th>Timestamp</th>
												<th>Details</th>
											</tr>
										</thead>
										<tbody>
												<tr class='log' status='debug'>
													<td class='status debug' title='debug' alt='debug'><i class='material-icons'>low_priority</i></td>
													<td class='timestamp'>11:29:19 AM</td>
													<td class='step-details'>验证在火狐浏览器中，输入新疆旅游系统域名后，可以正常访问</td>
												</tr>
												<tr class='log' status='pass'>
													<td class='status pass' title='pass' alt='pass'><i class='material-icons'>check_circle</i></td>
													<td class='timestamp'>11:29:19 AM</td>
													<td class='step-details'>Test passed</td>
												</tr>
										</tbody>
									</table>
								</div>
						</div>
				</li>
				<li class='node level-1 leaf pass' status='pass' test-id='10'>
					<div class='collapsible-header'>
						<div class='node-name'>case2</div>						
						<span class='node-time'>Apr 16, 2018 11:28:14 AM</span>
						<span class='node-duration'>0h 1m 5s+39ms</span>
						<span class='test-status right pass'>pass</span>
					</div>
						<div class='collapsible-body'>
									<div class='category-list right'>
											<span class='category label white-text'>旅游项目-PC游客端</span>
											<span class='category label white-text'>用户自动购买门票流程</span>
									</div>
								<div class='node-steps'>
									<table class='bordered table-results'>
										<thead>
											<tr>
												<th>Status</th>
												<th>Timestamp</th>
												<th>Details</th>
											</tr>
										</thead>
										<tbody>
												<tr class='log' status='debug'>
													<td class='status debug' title='debug' alt='debug'><i class='material-icons'>low_priority</i></td>
													<td class='timestamp'>11:29:19 AM</td>
													<td class='step-details'>验证在登录界面，输入正确的账号和密码，点击登录按钮后，可以正常跳转至首页主界面</td>
												</tr>
												<tr class='log' status='pass'>
													<td class='status pass' title='pass' alt='pass'><i class='material-icons'>check_circle</i></td>
													<td class='timestamp'>11:29:19 AM</td>
													<td class='step-details'>Test passed</td>
												</tr>
										</tbody>
									</table>
								</div>
						</div>
				</li>
				<li class='node level-1 leaf pass' status='pass' test-id='11'>
					<div class='collapsible-header'>
						<div class='node-name'>case3</div>						
						<span class='node-time'>Apr 16, 2018 11:28:27 AM</span>
						<span class='node-duration'>0h 0m 51s+479ms</span>
						<span class='test-status right pass'>pass</span>
					</div>
						<div class='collapsible-body'>
									<div class='category-list right'>
											<span class='category label white-text'>旅游项目-PC游客端</span>
											<span class='category label white-text'>用户自动购买门票流程</span>
									</div>
								<div class='node-steps'>
									<table class='bordered table-results'>
										<thead>
											<tr>
												<th>Status</th>
												<th>Timestamp</th>
												<th>Details</th>
											</tr>
										</thead>
										<tbody>
												<tr class='log' status='debug'>
													<td class='status debug' title='debug' alt='debug'><i class='material-icons'>low_priority</i></td>
													<td class='timestamp'>11:29:19 AM</td>
													<td class='step-details'>验证在首页界面搜索栏中，输入对应景点名称，选择对应景点后，可以正常搜索且进入景点详情界面</td>
												</tr>
												<tr class='log' status='pass'>
													<td class='status pass' title='pass' alt='pass'><i class='material-icons'>check_circle</i></td>
													<td class='timestamp'>11:29:19 AM</td>
													<td class='step-details'>Test passed</td>
												</tr>
										</tbody>
									</table>
								</div>
						</div>
				</li>
	</ul>
					</div>
				</li>
			</ul>
		</div>
	</div>
	<!-- subview left -->

	<div class='subview-right left'>
		<div class='view-summary'>
			<h5 class='test-name'></h5>

			<div id='step-filters' class="right">
				<span class="blue-text" status="info" alt="info" title="info"><i class="material-icons">info_outline</i></span>
				<span class="green-text" status="pass" alt="pass" title="pass"><i class="material-icons">check_circle</i></span>
				<span class="red-text" status="fail" alt="fail" title="fail"><i class="material-icons">cancel</i></span>
				<span class="red-text text-darken-4" status="fatal" alt="fatal" title="fatal"><i class="material-icons">cancel</i></span>
				<span class="pink-text text-lighten-1" status="error" alt="error" title="error"><i class="material-icons">error</i></span>
				<span class="orange-text" alt="warning" status="warning" title="warning"><i class="material-icons">warning</i></span>
				<span class="teal-text" status="skip" alt="skip" title="skip"><i class="material-icons">redo</i></span>
				<span status="clear" alt="Clear filters" title="Clear filters"><i class="material-icons">clear</i></span>
			</div>
		</div>
	</div>
	<!-- subview right -->

</div>
<!-- test view --><div id='category-view' class='view hide'>

	<section id='controls'>
		<div class='controls grey lighten-4'>
			<!-- search -->
			<div class='chip transparent' alt='Search Tests' title='Search Tests'>
				<a href="#" class='search-div'>
					<i class='material-icons'>search</i> Search
				</a>
				
				<div class='input-field left hide'>
					<input id='search-tests' type='text' class='validate browser-default' placeholder='Search Tests...'>
				</div>
				
			</div>
			<!-- search -->
		</div>
	</section>

	<div class='subview-left left'>
		
		<div class='view-summary'>
			<h5>Categories</h3>
			<ul id='category-collection' class='category-collection'>
				
				<li class='category displayed active'>
					<div class='category-heading'>
						<span class='category-name'>旅游项目-PC游客端</span>
						<span class='category-status right'>
							<span class='label pass'>3</span>
							<span class='label fail'>8</span>
						</span>
					</div>
					<div class='category-content hide'>
						<div class='category-status-counts'>
							<span class='label green accent-4 white-text'>Passed: 3</span>
							<span class='label red lighten-1 white-text'>Failed: 8</span>
							
						</div>
					
						<div class='category-tests'>
							<table class='bordered table-results'>
								<thead>
									<tr>
										<th>Timestamp</th>
										<th>TestName</th>
										<th>Status</th>
									</tr>
								</thead>
								<tbody>
									<tr>
										<td>Apr 16, 2018 11:28:05 AM</td>
										<td class='linked' test-id='1'>旅游项目-PC游客端</td>
										<td><span class='test-status fail'>fail</span></td>
									</tr>
									<tr>
										<td>Apr 16, 2018 11:28:31 AM</td>
										<td class='linked' test-id='2'>旅游项目-PC游客端.case4</td>
										<td><span class='test-status fail'>fail</span></td>
									</tr>
									<tr>
										<td>Apr 16, 2018 11:28:38 AM</td>
										<td class='linked' test-id='3'>旅游项目-PC游客端.case5</td>
										<td><span class='test-status fail'>fail</span></td>
									</tr>
									<tr>
										<td>Apr 16, 2018 11:28:43 AM</td>
										<td class='linked' test-id='4'>旅游项目-PC游客端.case6</td>
										<td><span class='test-status fail'>fail</span></td>
									</tr>
									<tr>
										<td>Apr 16, 2018 11:28:48 AM</td>
										<td class='linked' test-id='5'>旅游项目-PC游客端.case7</td>
										<td><span class='test-status fail'>fail</span></td>
									</tr>
									<tr>
										<td>Apr 16, 2018 11:28:58 AM</td>
										<td class='linked' test-id='6'>旅游项目-PC游客端.case8</td>
										<td><span class='test-status fail'>fail</span></td>
									</tr>
									<tr>
										<td>Apr 16, 2018 11:28:58 AM</td>
										<td class='linked' test-id='7'>旅游项目-PC游客端.case9</td>
										<td><span class='test-status fail'>fail</span></td>
									</tr>
									<tr>
										<td>Apr 16, 2018 11:29:08 AM</td>
										<td class='linked' test-id='8'>旅游项目-PC游客端.case_10</td>
										<td><span class='test-status fail'>fail</span></td>
									</tr>
									<tr>
										<td>Apr 16, 2018 11:28:09 AM</td>
										<td class='linked' test-id='9'>旅游项目-PC游客端.case1</td>
										<td><span class='test-status pass'>pass</span></td>
									</tr>
									<tr>
										<td>Apr 16, 2018 11:28:14 AM</td>
										<td class='linked' test-id='10'>旅游项目-PC游客端.case2</td>
										<td><span class='test-status pass'>pass</span></td>
									</tr>
									<tr>
										<td>Apr 16, 2018 11:28:27 AM</td>
										<td class='linked' test-id='11'>旅游项目-PC游客端.case3</td>
										<td><span class='test-status pass'>pass</span></td>
									</tr>
								</tbody>
							</table>
						</div>
					</div>
				</li>
				<li class='category displayed active'>
					<div class='category-heading'>
						<span class='category-name'>用户自动购买门票流程</span>
						<span class='category-status right'>
							<span class='label pass'>3</span>
							<span class='label fail'>8</span>
						</span>
					</div>
					<div class='category-content hide'>
						<div class='category-status-counts'>
							<span class='label green accent-4 white-text'>Passed: 3</span>
							<span class='label red lighten-1 white-text'>Failed: 8</span>
							
						</div>
					
						<div class='category-tests'>
							<table class='bordered table-results'>
								<thead>
									<tr>
										<th>Timestamp</th>
										<th>TestName</th>
										<th>Status</th>
									</tr>
								</thead>
								<tbody>
									<tr>
										<td>Apr 16, 2018 11:28:05 AM</td>
										<td class='linked' test-id='1'>旅游项目-PC游客端</td>
										<td><span class='test-status fail'>fail</span></td>
									</tr>
									<tr>
										<td>Apr 16, 2018 11:28:31 AM</td>
										<td class='linked' test-id='2'>旅游项目-PC游客端.case4</td>
										<td><span class='test-status fail'>fail</span></td>
									</tr>
									<tr>
										<td>Apr 16, 2018 11:28:38 AM</td>
										<td class='linked' test-id='3'>旅游项目-PC游客端.case5</td>
										<td><span class='test-status fail'>fail</span></td>
									</tr>
									<tr>
										<td>Apr 16, 2018 11:28:43 AM</td>
										<td class='linked' test-id='4'>旅游项目-PC游客端.case6</td>
										<td><span class='test-status fail'>fail</span></td>
									</tr>
									<tr>
										<td>Apr 16, 2018 11:28:48 AM</td>
										<td class='linked' test-id='5'>旅游项目-PC游客端.case7</td>
										<td><span class='test-status fail'>fail</span></td>
									</tr>
									<tr>
										<td>Apr 16, 2018 11:28:58 AM</td>
										<td class='linked' test-id='6'>旅游项目-PC游客端.case8</td>
										<td><span class='test-status fail'>fail</span></td>
									</tr>
									<tr>
										<td>Apr 16, 2018 11:28:58 AM</td>
										<td class='linked' test-id='7'>旅游项目-PC游客端.case9</td>
										<td><span class='test-status fail'>fail</span></td>
									</tr>
									<tr>
										<td>Apr 16, 2018 11:29:08 AM</td>
										<td class='linked' test-id='8'>旅游项目-PC游客端.case_10</td>
										<td><span class='test-status fail'>fail</span></td>
									</tr>
									<tr>
										<td>Apr 16, 2018 11:28:09 AM</td>
										<td class='linked' test-id='9'>旅游项目-PC游客端.case1</td>
										<td><span class='test-status pass'>pass</span></td>
									</tr>
									<tr>
										<td>Apr 16, 2018 11:28:14 AM</td>
										<td class='linked' test-id='10'>旅游项目-PC游客端.case2</td>
										<td><span class='test-status pass'>pass</span></td>
									</tr>
									<tr>
										<td>Apr 16, 2018 11:28:27 AM</td>
										<td class='linked' test-id='11'>旅游项目-PC游客端.case3</td>
										<td><span class='test-status pass'>pass</span></td>
									</tr>
								</tbody>
							</table>
						</div>
					</div>
				</li>

			</ul>
		</div>
	</div>

	<div class='subview-right left'>
		<div class='view-summary'>
			<h5 class='category-name'></h5>
		</div>
	</div>
</div>
<!-- category view --><div id='exception-view' class='view hide'>
	
	<section id='controls'>
		<div class='controls grey lighten-4'>
			<!-- search -->
			<div class='chip transparent' alt='Search Tests' title='Search Tests'>
				<a href="#" class='search-div'>
					<i class='material-icons'>search</i> Search
				</a>
				
				<div class='input-field left hide'>
					<input id='search-tests' type='text' class='validate browser-default' placeholder='Search Tests...'>
				</div>
				
			</div>
			<!-- search -->
		</div>
	</section>

	<div class='subview-left left'>
		
		<div class='view-summary'>
			<h5>Exceptions</h3>
			<ul id='exception-collection' class='exception-collection'>
				
				<li class='exception displayed active'>
					<div class='exception-heading'>
						<span class='exception-name'>java.lang.reflect.InvocationTargetException</span>
						<span class='exception-count right'><span class='label red lighten-1 white-text'>1</span></span>
					</div>
					<div class='exception-content hide'>	
						<div class='exception-tests'>
							<table class='bordered table-results'>
								<thead>
									<tr>
										<th>Timestamp</th>
										<th>TestName</th>
										<th>Status</th>
									</tr>
								</thead>
								<tbody>
									<tr>
										<td>Apr 16, 2018 11:29:08 AM</td>
										<td class='linked' test-id='8'>旅游项目-PC游客端.case_10</td>
										<td><pre><textarea>java.lang.reflect.InvocationTargetException
	at sun.reflect.NativeMethodAccessorImpl.invoke0(Native Method)
	at sun.reflect.NativeMethodAccessorImpl.invoke(NativeMethodAccessorImpl.java:62)
	at sun.reflect.DelegatingMethodAccessorImpl.invoke(DelegatingMethodAccessorImpl.java:43)
	at java.lang.reflect.Method.invoke(Method.java:498)
	at com.jmoney.xiyuyou.service.RunUnitService.runCase(RunUnitService.java:85)
	at TestCases.Tourists_Purchase_Tickets.case_10(Tourists_Purchase_Tickets.java:84)
	at sun.reflect.NativeMethodAccessorImpl.invoke0(Native Method)
	at sun.reflect.NativeMethodAccessorImpl.invoke(NativeMethodAccessorImpl.java:62)
	at sun.reflect.DelegatingMethodAccessorImpl.invoke(DelegatingMethodAccessorImpl.java:43)
	at java.lang.reflect.Method.invoke(Method.java:498)
	at org.testng.internal.MethodInvocationHelper.invokeMethod(MethodInvocationHelper.java:86)
	at org.testng.internal.InvokeMethodRunnable.runOne(InvokeMethodRunnable.java:54)
	at org.testng.internal.InvokeMethodRunnable.run(InvokeMethodRunnable.java:44)
	at java.util.concurrent.Executors$RunnableAdapter.call(Executors.java:511)
	at java.util.concurrent.FutureTask.run(FutureTask.java:266)
	at java.util.concurrent.ThreadPoolExecutor.runWorker(ThreadPoolExecutor.java:1142)
	at java.util.concurrent.ThreadPoolExecutor$Worker.run(ThreadPoolExecutor.java:617)
	at java.lang.Thread.run(Thread.java:745)
Caused by: org.openqa.selenium.NoSuchElementException: Unable to locate element: {"method":"xpath","selector":".//*[@id='order-detail']/div[2]/div[1]/p"}
Command duration or timeout: 10.07 seconds
For documentation on this error, please visit: http://seleniumhq.org/exceptions/no_such_element.html
Build info: version: '2.53.0', revision: '35ae25b1534ae328c771e0856c93e187490ca824', time: '2016-03-15 10:43:46'
System info: host: 'King', ip: '10.0.0.90', os.name: 'Windows 8.1', os.arch: 'amd64', os.version: '6.3', java.version: '1.8.0_91'
Driver info: org.openqa.selenium.firefox.FirefoxDriver
Capabilities [{applicationCacheEnabled=true, rotatable=false, handlesAlerts=true, databaseEnabled=true, version=47.0.2, platform=WINDOWS, nativeEvents=false, acceptSslCerts=true, webStorageEnabled=true, locationContextEnabled=true, browserName=firefox, takesScreenshot=true, javascriptEnabled=true, cssSelectorsEnabled=true}]
Session ID: f8b47f5b-f2ac-4967-9164-39d126ebca82
*** Element info: {Using=xpath, value=.//*[@id='order-detail']/div[2]/div[1]/p}
	at sun.reflect.NativeConstructorAccessorImpl.newInstance0(Native Method)
	at sun.reflect.NativeConstructorAccessorImpl.newInstance(NativeConstructorAccessorImpl.java:62)
	at sun.reflect.DelegatingConstructorAccessorImpl.newInstance(DelegatingConstructorAccessorImpl.java:45)
	at java.lang.reflect.Constructor.newInstance(Constructor.java:423)
	at org.openqa.selenium.remote.ErrorHandler.createThrowable(ErrorHandler.java:206)
	at org.openqa.selenium.remote.ErrorHandler.throwIfResponseFailed(ErrorHandler.java:158)
	at org.openqa.selenium.remote.RemoteWebDriver.execute(RemoteWebDriver.java:678)
	at org.openqa.selenium.remote.RemoteWebDriver.findElement(RemoteWebDriver.java:363)
	at org.openqa.selenium.remote.RemoteWebDriver.findElementByXPath(RemoteWebDriver.java:500)
	at org.openqa.selenium.By$ByXPath.findElement(By.java:361)
	at org.openqa.selenium.remote.RemoteWebDriver.findElement(RemoteWebDriver.java:355)
	at com.jmoney.xiyuyou.util.SeleniumUtil.getElement(SeleniumUtil.java:61)
	at com.jmoney.xiyuyou.handler.CheckActionHandler.check(CheckActionHandler.java:32)
	... 18 more
Caused by: org.openqa.selenium.NoSuchElementException: Unable to locate element: {"method":"xpath","selector":".//*[@id='order-detail']/div[2]/div[1]/p"}
For documentation on this error, please visit: http://seleniumhq.org/exceptions/no_such_element.html
Build info: version: '2.53.0', revision: '35ae25b1534ae328c771e0856c93e187490ca824', time: '2016-03-15 10:43:46'
System info: host: 'King', ip: '10.0.0.90', os.name: 'Windows 8.1', os.arch: 'amd64', os.version: '6.3', java.version: '1.8.0_91'
Driver info: driver.version: unknown
	at <anonymous class>.FirefoxDriver.prototype.findElementInternal_(file:///C:/Users/King-liu/AppData/Local/Temp/anonymous4995536006693643008webdriver-profile/extensions/fxdriver@googlecode.com/components/driver-component.js:10770)
	at <anonymous class>.fxdriver.Timer.prototype.setTimeout/<.notify(file:///C:/Users/King-liu/AppData/Local/Temp/anonymous4995536006693643008webdriver-profile/extensions/fxdriver@googlecode.com/components/driver-component.js:625)
</textarea></pre></td>
									</tr>
								</tbody>
							</table>
						</div>
					</div>
				</li>
			</ul>
		</div>
	</div>

	<div class='subview-right left'>
		<div class='view-summary'>
			<h5 class='exception-name'></h5>
		</div>
	</div>
</div>
<!-- exception view --><div id='dashboard-view' class='view hide'>
	<div class='card-panel transparent np-v'>
		<h5>Dashboard</h5>

		<div class='row'>
			<div class='col s2'>
				<div class='card-panel r'>
					Tests
					<div class='panel-lead'>10</div>
				</div>
			</div>
			<div class='col s2'>
				<div class='card-panel r'>
					Steps
					<div class='panel-lead'>10</div>
				</div>
			</div>
			<div class='col s2'>
				<div class='card-panel r'>
					Start
					<div class='panel-lead'>Apr 16, 2018 11:28:05 AM</div>
				</div>
			</div>
			<div class='col s2'>
				<div class='card-panel r'>
			 		End
			 		<div class='panel-lead'>Apr 16, 2018 11:29:19 AM</div>
				</div>
			</div>
			<div class='col s2'>
				<div class='card-panel r'>
					Time Taken
					<div class='panel-lead'>73,879ms</div>
				</div>
			</div>
			<div class='col s4'>
				<div class='card-panel'>
					<span class='right label cyan white-text'>Categories</span><p>&nbsp;</p>
					
					<table>
						<tr>
							<th>Name</th>
							<th>Passed</th>
							<th>Failed</th>
							<th>Others</th>
						</tr>
						<tr>
							<td>旅游项目-PC游客端</td>
							<td>3</td>
							<td>8</td>
							<td>0</td>
						</tr>
						<tr>
							<td>用户自动购买门票流程</td>
							<td>3</td>
							<td>8</td>
							<td>0</td>
						</tr>
					</table>
				</div>
			</div>
		</div>
	</div>
</div>
<!-- dashboard view --><div id='testrunner-logs-view' class='view hide'>
	<div class='card-panel transparent np-v'>
		<h5>TestRunner Logs</h5>
		
		<div class='card-panel'>
				验证在火狐浏览器中，输入新疆旅游系统域名后，可以正常访问
				验证在登录界面，输入正确的账号和密码，点击登录按钮后，可以正常跳转至首页主界面
				验证在首页界面搜索栏中，输入对应景点名称，选择对应景点后，可以正常搜索且进入景点详情界面
		</div>
	</div>
</div>
<!-- testrunner-logs view -->
		</div>
		<!-- container -->

		<script>
			var statusGroup = {
				passParent: 3,
				failParent: 7,
				fatalParent: 0,
				errorParent: 0,
				warningParent: 0,
				skipParent: 0,
				exceptionsParent: 7,
				
				passChild: 3,
				failChild: 7,
				fatalChild: 0,
				errorChild: 0,
				warningChild: 0,
				skipChild: 0,
				infoChild: 0,
				exceptionsChild: 10,
				
				passGrandChild: 0,
				failGrandChild: 0,
				fatalGrandChild: 0,
				errorGrandChild: 0,
				warningGrandChild: 0,
				skipGrandChild: 0,
				infoGrandChild: 0,
				exceptionsGrandChild: 0,
			};
		</script>
		
			<script src='https://cdn.rawgit.com/anshooarora/extentreports-java/9fa70d0ed9c34a8ed445ceee3494d3d7de7f8918/dist/js/extent.js' type='text/javascript'></script>
		
		
	</body>
	
</html>
