<?xml version="1.0" encoding="UTF-8"?>
<testsuite name="用户自动购买景点门票"
           tests="6"
           failures="1"
           errors="0"
           skipped="0"
           time="21.277">
  <properties />
            <testcase name="case6" time="4.351" classname="TestCases.TestDemo">
                <failure type="java.lang.IndexOutOfBoundsException"
                  message="Index: 0, Size: 0"
              >
<![CDATA[java.lang.IndexOutOfBoundsException: Index: 0, Size: 0
  java.util.ArrayList.rangeCheck(Unknown Source)
  java.util.ArrayList.get(Unknown Source)
  com.jmoney.xiyuyou.util.SeleniumUtil.parseEL(SeleniumUtil.java:155)
  com.jmoney.xiyuyou.util.SeleniumUtil.parseStringHasEls(SeleniumUtil.java:103)
  com.jmoney.xiyuyou.base.StepAction$5.run(StepAction.java:77)
  com.jmoney.xiyuyou.service.RunUnitService.runCase(RunUnitService.java:88)
  TestCases.TestDemo.case6(TestDemo.java:60)
  sun.reflect.NativeMethodAccessorImpl.invoke0(Native Method)
  sun.reflect.NativeMethodAccessorImpl.invoke(Unknown Source)
  sun.reflect.DelegatingMethodAccessorImpl.invoke(Unknown Source)
  java.lang.reflect.Method.invoke(Unknown Source)
  org.testng.internal.MethodInvocationHelper.invokeMethod(MethodInvocationHelper.java:86)
  org.testng.internal.InvokeMethodRunnable.runOne(InvokeMethodRunnable.java:54)
  org.testng.internal.InvokeMethodRunnable.run(InvokeMethodRunnable.java:44)
  java.util.concurrent.Executors$RunnableAdapter.call(Unknown Source)
  java.util.concurrent.FutureTask.run(Unknown Source)
  java.util.concurrent.ThreadPoolExecutor.runWorker(Unknown Source)
  java.util.concurrent.ThreadPoolExecutor$Worker.run(Unknown Source)
  java.lang.Thread.run(Unknown Source)
]]>
      </failure>

          </testcase>
  
  
            <testcase name="case3" time="3.694" classname="TestCases.TestDemo" />
                <testcase name="case2" time="7.799" classname="TestCases.TestDemo" />
                <testcase name="case1" time="2.601" classname="TestCases.TestDemo" />
                <testcase name="case4" time="1.631" classname="TestCases.TestDemo" />
                <testcase name="case5" time="1.201" classname="TestCases.TestDemo" />
      
</testsuite>
